#
# A fatal error has been detected by the Java Runtime Environment:
#
#  EXCEPTION_ACCESS_VIOLATION (0xc0000005) at pc=0x00007fff8e99420d, pid=11000, tid=11932
#
# JRE version: OpenJDK Runtime Environment (11.0.10) (build 11.0.10+0-b96-7249189)
# Java VM: OpenJDK 64-Bit Server VM (11.0.10+0-b96-7249189, mixed mode, tiered, compressed oops, g1 gc, windows-amd64)
# Problematic frame:
# V  [jvm.dll+0x2d420d]
#
# No core dump will be written. Minidumps are not enabled by default on client versions of Windows
#
# If you would like to submit a bug report, please visit:
#   https://bugreport.java.com/bugreport/crash.jsp
#

---------------  S U M M A R Y ------------

Command Line: --add-opens=java.base/java.util=ALL-UNNAMED --add-opens=java.base/java.lang=ALL-UNNAMED --add-opens=java.base/java.lang.invoke=ALL-UNNAMED --add-opens=java.base/java.util=ALL-UNNAMED --add-opens=java.prefs/java.util.prefs=ALL-UNNAMED --add-opens=java.prefs/java.util.prefs=ALL-UNNAMED --add-opens=java.base/java.nio.charset=ALL-UNNAMED --add-opens=java.base/java.net=ALL-UNNAMED --add-opens=java.base/java.util.concurrent.atomic=ALL-UNNAMED -Xmx2048m -Dfile.encoding=UTF-8 -Duser.country=GB -Duser.language=en -Duser.variant org.gradle.launcher.daemon.bootstrap.GradleDaemon 7.0.2

Host: Intel(R) Core(TM) i5-3470 CPU @ 3.20GHz, 4 cores, 7G,  Windows 10 , 64 bit Build 19041 (10.0.19041.1348)
Time: Wed Dec  1 12:23:03 2021 Romance Standard Time elapsed time: 613.793399 seconds (0d 0h 10m 13s)

---------------  T H R E A D  ---------------

Current thread (0x0000019829306000):  GCTaskThread "GC Thread#0" [stack: 0x0000007200900000,0x0000007200a00000] [id=11932]

Stack: [0x0000007200900000,0x0000007200a00000],  sp=0x00000072009ff670,  free space=1021k
Native frames: (J=compiled Java code, j=interpreted, Vv=VM code, C=native code)
V  [jvm.dll+0x2d420d]
V  [jvm.dll+0x2fe98d]
V  [jvm.dll+0x2ff998]
V  [jvm.dll+0x2d1282]
V  [jvm.dll+0x2fdb7b]
V  [jvm.dll+0x2ffefa]
V  [jvm.dll+0x2dcd45]
V  [jvm.dll+0x2dd44b]
V  [jvm.dll+0x748da0]
V  [jvm.dll+0x6e3d45]
V  [jvm.dll+0x5ebe96]
C  [ucrtbase.dll+0x21bb2]
C  [KERNEL32.DLL+0x17034]
C  [ntdll.dll+0x52651]


siginfo: EXCEPTION_ACCESS_VIOLATION (0xc0000005), reading address 0x00000000000000f8


Register to memory mapping:

RIP=0x00007fff8e99420d jvm.dll
RAX=0x0000019829316400 points into unknown readable memory: 0x0000000000000000 | 00 00 00 00 00 00 00 00
RBX=0x000001984cc09b30 points into unknown readable memory: 0x00007fff8eee30f8 | f8 30 ee 8e ff 7f 00 00
RCX=0x0 is NULL
RDX=0x000001984a5a3780 points into unknown readable memory: 0x00007fff8eeeaae0 | e0 aa ee 8e ff 7f 00 00
RSP=0x00000072009ff670 points into unknown readable memory: 0x0000019829307f10 | 10 7f 30 29 98 01 00 00
RBP=0x0000000000000001 is an unknown value
RSI=0x000001984cc09ca0 points into unknown readable memory: 0x00007fff8eee30b0 | b0 30 ee 8e ff 7f 00 00
RDI=0x000000008db63b30 is an oop: [Z 
{0x000000008db63b30} - klass: {type array bool}
 - length: 48
R8 =0x000000008db63b28 is pointing into object: [Ljava.lang.Object; 
{0x000000008db63af8} - klass: 'java/lang/Object'[]
 - length: 10
R9 =0x0000000000000040 is an unknown value
R10=0x000000008db63b28 is pointing into object: [Ljava.lang.Object; 
{0x000000008db63af8} - klass: 'java/lang/Object'[]
 - length: 10
R11=0x000001984cc09ca0 points into unknown readable memory: 0x00007fff8eee30b0 | b0 30 ee 8e ff 7f 00 00
R12=0x0000000000000007 is an unknown value
R13=0x0 is NULL
R14=0x0 is NULL
R15=0x00000000915761f0 is an oop: [Ljava.lang.Object; 
{0x00000000915761f0} - klass: 'java/lang/Object'[]
 - length: 10


Registers:
RAX=0x0000019829316400, RBX=0x000001984cc09b30, RCX=0x0000000000000000, RDX=0x000001984a5a3780
RSP=0x00000072009ff670, RBP=0x0000000000000001, RSI=0x000001984cc09ca0, RDI=0x000000008db63b30
R8 =0x000000008db63b28, R9 =0x0000000000000040, R10=0x000000008db63b28, R11=0x000001984cc09ca0
R12=0x0000000000000007, R13=0x0000000000000000, R14=0x0000000000000000, R15=0x00000000915761f0
RIP=0x00007fff8e99420d, EFLAGS=0x0000000000010202

Top of Stack: (sp=0x00000072009ff670)
0x00000072009ff670:   0000019829307f10 000000008db63b15
0x00000072009ff680:   0000019829307f10 00007fff8e9be6ff
0x00000072009ff690:   000000008db63b28 00007fff8e9be98d
0x00000072009ff6a0:   000000008db63b14 0000000000000000
0x00000072009ff6b0:   0000000091575fd8 0000000000000000
0x00000072009ff6c0:   000000008db63af8 00007fff8e9bf998
0x00000072009ff6d0:   0000000000000002 000001984cc09b30
0x00000072009ff6e0:   000001984cc09b30 00007fff8e9903fe
0x00000072009ff6f0:   0000019829307f10 0000000000000000
0x00000072009ff700:   0000005e4cc09ca0 0000000000000001
0x00000072009ff710:   0000000000000000 000001984cc09b30
0x00000072009ff720:   0000000000000000 0000019829307f90
0x00000072009ff730:   0000000000000000 000001984cc09b30
0x00000072009ff740:   0000007200efe9c0 00007fff8e991282
0x00000072009ff750:   000001984cc09b30 00007fff8e9be601
0x00000072009ff760:   00000000000000a3 000000008db63af4 

Instructions: (pc=0x00007fff8e99420d)
0x00007fff8e99410d:   74 24 38 48 83 c4 20 5f c3 cc cc cc cc cc cc cc
0x00007fff8e99411d:   cc cc cc 48 89 5c 24 08 57 48 83 ec 20 48 8b 41
0x00007fff8e99412d:   18 48 8b da 48 83 cb 01 48 8b d3 48 8b 78 10 48
0x00007fff8e99413d:   8b cf e8 6c 7b 00 00 84 c0 75 29 48 81 c7 90 00
0x00007fff8e99414d:   00 00 48 8b 47 08 48 39 47 20 75 08 48 8b cf e8
0x00007fff8e99415d:   7f 47 0b 00 48 8b 4f 20 48 8b 47 38 48 89 1c c8
0x00007fff8e99416d:   48 ff 47 20 48 8b 5c 24 30 48 83 c4 20 5f c3 cc
0x00007fff8e99417d:   cc cc cc 48 89 5c 24 08 57 48 83 ec 20 48 8b 79
0x00007fff8e99418d:   10 48 8b da 48 83 cb 01 48 8b cf 48 8b d3 e8 10
0x00007fff8e99419d:   7b 00 00 84 c0 75 29 48 81 c7 90 00 00 00 48 8b
0x00007fff8e9941ad:   47 08 48 39 47 20 75 08 48 8b cf e8 23 47 0b 00
0x00007fff8e9941bd:   48 8b 4f 20 48 8b 47 38 48 89 1c c8 48 ff 47 20
0x00007fff8e9941cd:   48 8b 5c 24 30 48 83 c4 20 5f c3 cc cc cc cc cc
0x00007fff8e9941dd:   cc cc cc 40 53 48 83 ec 20 8b 82 04 01 00 00 48
0x00007fff8e9941ed:   8b d9 d1 e8 a8 01 75 6b 48 8b 41 08 8b 88 c0 02
0x00007fff8e9941fd:   00 00 48 8b 80 b0 02 00 00 49 d3 e9 4a 8b 0c c8
0x00007fff8e99420d:   48 8b 81 f8 00 00 00 83 b8 18 01 00 00 00 74 43
0x00007fff8e99421d:   48 8b 4b 50 48 89 7c 24 30 49 c1 e8 09 48 8b 79
0x00007fff8e99422d:   48 48 2b 79 40 49 03 f8 48 8b d7 e8 93 c1 ff ff
0x00007fff8e99423d:   84 c0 74 1a 80 7b 28 00 48 8d 4b 18 74 10 48 8b
0x00007fff8e99424d:   43 50 48 8b 50 40 48 03 d7 e8 35 25 36 00 48 8b
0x00007fff8e99425d:   7c 24 30 48 83 c4 20 5b c3 cc cc cc cc cc cc cc
0x00007fff8e99426d:   cc cc cc 48 89 5c 24 08 48 89 74 24 10 57 48 83
0x00007fff8e99427d:   ec 20 48 63 fa 48 8d 05 5f 91 54 00 45 33 c0 48
0x00007fff8e99428d:   89 01 48 8b f1 89 79 08 48 8b df 48 8d 0c fd 00
0x00007fff8e99429d:   00 00 00 41 8d 50 05 e8 37 f6 dd ff 45 33 db 48
0x00007fff8e9942ad:   89 46 10 4c 8d 4e 10 4c 8b d0 45 8b c3 85 ff 7e
0x00007fff8e9942bd:   56 83 ff 02 72 51 8d 4f ff 48 63 d1 48 8d 04 d0
0x00007fff8e9942cd:   4d 3b d1 77 05 49 3b c1 73 3d 8b c7 25 01 00 00
0x00007fff8e9942dd:   80 7d 07 ff c8 83 c8 fe ff c0 2b f8 0f 1f 80 00
0x00007fff8e9942ed:   00 00 00 41 83 c0 02 44 3b c7 7c f7 8d 47 01 49
0x00007fff8e9942fd:   8b fa 99 2b c2 d1 f8 48 63 c8 48 c1 e1 04 48 c1 


Stack slot to memory mapping:
stack at sp + 0 slots: 0x0000019829307f10 points into unknown readable memory: 0x00000000000023b4 | b4 23 00 00 00 00 00 00
stack at sp + 1 slots: 0x000000008db63b15 is pointing into object: [Ljava.lang.Object; 
{0x000000008db63af8} - klass: 'java/lang/Object'[]
 - length: 10
stack at sp + 2 slots: 0x0000019829307f10 points into unknown readable memory: 0x00000000000023b4 | b4 23 00 00 00 00 00 00
stack at sp + 3 slots: 0x00007fff8e9be6ff jvm.dll
stack at sp + 4 slots: 0x000000008db63b28 is pointing into object: [Ljava.lang.Object; 
{0x000000008db63af8} - klass: 'java/lang/Object'[]
 - length: 10
stack at sp + 5 slots: 0x00007fff8e9be98d jvm.dll
stack at sp + 6 slots: 0x000000008db63b14 is pointing into object: [Ljava.lang.Object; 
{0x000000008db63af8} - klass: 'java/lang/Object'[]
 - length: 10
stack at sp + 7 slots: 0x0 is NULL


---------------  P R O C E S S  ---------------

Threads class SMR info:
_java_thread_list=0x0000019852aa3c50, length=57, elements={
0x00000198292eb800, 0x0000019842ed0000, 0x0000019842ed9800, 0x0000019842eea000,
0x0000019842ef0000, 0x0000019842ef1000, 0x0000019842ef4000, 0x0000019842ef5000,
0x0000019842f0e000, 0x00000198439aa000, 0x0000019846084000, 0x0000019845c98000,
0x0000019845390000, 0x00000198450a8800, 0x00000198450a9000, 0x00000198450aa000,
0x00000198450a6800, 0x00000198450a5000, 0x00000198450ab800, 0x00000198450a6000,
0x00000198469ca000, 0x00000198469cb800, 0x00000198469c9000, 0x00000198469cd800,
0x00000198469d4800, 0x000001984adfe000, 0x000001984adfa000, 0x000001984adfd800,
0x000001984adff000, 0x000001984adfb000, 0x000001984ae00000, 0x000001984ae00800,
0x000001984ae01800, 0x000001984adfb800, 0x000001984ae02000, 0x000001984ae06800,
0x000001984ae03000, 0x000001984ae04000, 0x000001984ae04800, 0x00000198469cb000,
0x00000198469d3000, 0x00000198469d4000, 0x00000198469ce000, 0x00000198469cf000,
0x00000198469d5800, 0x00000198469d6000, 0x00000198469d8000, 0x00000198450a7800,
0x00000198450ab000, 0x000001984ccb4800, 0x000001984ccb7800, 0x000001984ccb6000,
0x000001984ccb2800, 0x000001984ccb8800, 0x000001984ccb9800, 0x000001984ccb3800,
0x0000019844302800
}

Java Threads: ( => current thread )
  0x00000198292eb800 JavaThread "main" [_thread_blocked, id=5604, stack(0x0000007200800000,0x0000007200900000)]
  0x0000019842ed0000 JavaThread "Reference Handler" daemon [_thread_blocked, id=3920, stack(0x0000007200f00000,0x0000007201000000)]
  0x0000019842ed9800 JavaThread "Finalizer" daemon [_thread_blocked, id=6020, stack(0x0000007201000000,0x0000007201100000)]
  0x0000019842eea000 JavaThread "Signal Dispatcher" daemon [_thread_blocked, id=9476, stack(0x0000007201100000,0x0000007201200000)]
  0x0000019842ef0000 JavaThread "Attach Listener" daemon [_thread_blocked, id=9468, stack(0x0000007201200000,0x0000007201300000)]
  0x0000019842ef1000 JavaThread "Service Thread" daemon [_thread_blocked, id=9148, stack(0x0000007201300000,0x0000007201400000)]
  0x0000019842ef4000 JavaThread "C2 CompilerThread0" daemon [_thread_blocked, id=7204, stack(0x0000007201400000,0x0000007201500000)]
  0x0000019842ef5000 JavaThread "C1 CompilerThread0" daemon [_thread_blocked, id=620, stack(0x0000007201500000,0x0000007201600000)]
  0x0000019842f0e000 JavaThread "Sweeper thread" daemon [_thread_blocked, id=10692, stack(0x0000007201600000,0x0000007201700000)]
  0x00000198439aa000 JavaThread "Common-Cleaner" daemon [_thread_blocked, id=3844, stack(0x0000007201700000,0x0000007201800000)]
  0x0000019846084000 JavaThread "Daemon health stats" [_thread_blocked, id=5968, stack(0x0000007201c00000,0x0000007201d00000)]
  0x0000019845c98000 JavaThread "Incoming local TCP Connector on port 56661" [_thread_in_native, id=3988, stack(0x0000007201d00000,0x0000007201e00000)]
  0x0000019845390000 JavaThread "Daemon periodic checks" [_thread_blocked, id=10904, stack(0x0000007201e00000,0x0000007201f00000)]
  0x00000198450a8800 JavaThread "Cache worker for file hash cache (C:\Users\solom\.gradle\caches\7.0.2\fileHashes)" [_thread_blocked, id=408, stack(0x0000007201b00000,0x0000007201c00000)]
  0x00000198450a9000 JavaThread "File lock request listener" [_thread_in_native, id=10100, stack(0x0000007202600000,0x0000007202700000)]
  0x00000198450aa000 JavaThread "Cache worker for journal cache (C:\Users\solom\.gradle\caches\journal-1)" [_thread_blocked, id=11372, stack(0x0000007202800000,0x0000007202900000)]
  0x00000198450a6800 JavaThread "File watcher server" daemon [_thread_in_native, id=6100, stack(0x0000007202b00000,0x0000007202c00000)]
  0x00000198450a5000 JavaThread "File watcher consumer" daemon [_thread_blocked, id=3244, stack(0x0000007202c00000,0x0000007202d00000)]
  0x00000198450ab800 JavaThread "jar transforms" [_thread_blocked, id=5436, stack(0x0000007202d00000,0x0000007202e00000)]
  0x00000198450a6000 JavaThread "jar transforms Thread 2" [_thread_blocked, id=5980, stack(0x0000007202e00000,0x0000007202f00000)]
  0x00000198469ca000 JavaThread "jar transforms Thread 3" [_thread_blocked, id=7232, stack(0x0000007202f00000,0x0000007203000000)]
  0x00000198469cb800 JavaThread "jar transforms Thread 4" [_thread_blocked, id=11872, stack(0x0000007203000000,0x0000007203100000)]
  0x00000198469c9000 JavaThread "Cache worker for execution history cache (C:\Users\solom\.gradle\caches\7.0.2\executionHistory)" [_thread_blocked, id=5548, stack(0x0000007203400000,0x0000007203500000)]
  0x00000198469cd800 JavaThread "Cache worker for file content cache (C:\Users\solom\.gradle\caches\7.0.2\fileContent)" [_thread_blocked, id=6324, stack(0x0000007203500000,0x0000007203600000)]
  0x00000198469d4800 JavaThread "Memory manager" [_thread_blocked, id=3576, stack(0x0000007203c00000,0x0000007203d00000)]
  0x000001984adfe000 JavaThread "Daemon Thread 2" [_thread_blocked, id=12620, stack(0x0000007200500000,0x0000007200600000)]
  0x000001984adfa000 JavaThread "Handler for socket connection from /127.0.0.1:56661 to /127.0.0.1:50258" [_thread_in_native, id=7340, stack(0x0000007200600000,0x0000007200700000)]
  0x000001984adfd800 JavaThread "Cancel handler" [_thread_blocked, id=7344, stack(0x0000007200700000,0x0000007200800000)]
  0x000001984adff000 JavaThread "Daemon worker Thread 2" [_thread_blocked, id=1036, stack(0x0000007201f00000,0x0000007202000000)]
  0x000001984adfb000 JavaThread "Asynchronous log dispatcher for DefaultDaemonConnection: socket connection from /127.0.0.1:56661 to /127.0.0.1:50258" [_thread_blocked, id=5108, stack(0x0000007202000000,0x0000007202100000)]
  0x000001984ae00000 JavaThread "Daemon client event forwarder" [_thread_blocked, id=7648, stack(0x0000007202200000,0x0000007202300000)]
  0x000001984ae00800 JavaThread "Cache worker for file hash cache (C:\Users\solom\222\.gradle\7.0.2\fileHashes)" [_thread_blocked, id=2548, stack(0x0000007202300000,0x0000007202400000)]
  0x000001984ae01800 JavaThread "Cache worker for checksums cache (C:\Users\solom\222\.gradle\checksums)" [_thread_blocked, id=5636, stack(0x0000007202400000,0x0000007202500000)]
  0x000001984adfb800 JavaThread "Cache worker for cache directory md-supplier (C:\Users\solom\.gradle\caches\7.0.2\md-supplier)" [_thread_blocked, id=8520, stack(0x0000007202500000,0x0000007202600000)]
  0x000001984ae02000 JavaThread "Cache worker for cache directory md-rule (C:\Users\solom\.gradle\caches\7.0.2\md-rule)" [_thread_blocked, id=12708, stack(0x0000007202900000,0x0000007202a00000)]
  0x000001984ae06800 JavaThread "Cache worker for dependencies-accessors (C:\Users\solom\222\.gradle\7.0.2\dependencies-accessors)" [_thread_blocked, id=2380, stack(0x0000007202a00000,0x0000007202b00000)]
  0x000001984ae03000 JavaThread "Cache worker for Build Output Cleanup Cache (C:\Users\solom\222\.gradle\buildOutputCleanup)" [_thread_blocked, id=12100, stack(0x0000007203200000,0x0000007203300000)]
  0x000001984ae04000 JavaThread "Build operations" [_thread_blocked, id=5064, stack(0x0000007203100000,0x0000007203200000)]
  0x000001984ae04800 JavaThread "Build operations Thread 2" [_thread_blocked, id=9360, stack(0x0000007203300000,0x0000007203400000)]
  0x00000198469cb000 JavaThread "Build operations Thread 3" [_thread_blocked, id=11260, stack(0x0000007203600000,0x0000007203700000)]
  0x00000198469d3000 JavaThread "Build operations Thread 4" [_thread_blocked, id=6532, stack(0x0000007203700000,0x0000007203800000)]
  0x00000198469d4000 JavaThread "build event listener" [_thread_blocked, id=1652, stack(0x0000007203800000,0x0000007203900000)]
  0x00000198469ce000 JavaThread "build event listener" [_thread_blocked, id=3496, stack(0x0000007203900000,0x0000007203a00000)]
  0x00000198469cf000 JavaThread "Execution worker for ':'" [_thread_blocked, id=5140, stack(0x0000007203a00000,0x0000007203b00000)]
  0x00000198469d5800 JavaThread "Execution worker for ':' Thread 2" [_thread_blocked, id=4340, stack(0x0000007203b00000,0x0000007203c00000)]
  0x00000198469d6000 JavaThread "Execution worker for ':' Thread 3" [_thread_blocked, id=1312, stack(0x0000007203d00000,0x0000007203e00000)]
  0x00000198469d8000 JavaThread "Cache worker for execution history cache (C:\Users\solom\222\.gradle\7.0.2\executionHistory)" [_thread_blocked, id=6592, stack(0x0000007203e00000,0x0000007203f00000)]
  0x00000198450a7800 JavaThread "WorkerExecutor Queue" [_thread_blocked, id=10012, stack(0x0000007204000000,0x0000007204100000)]
  0x00000198450ab000 JavaThread "WorkerExecutor Queue Thread 2" [_thread_blocked, id=12592, stack(0x0000007204100000,0x0000007204200000)]
  0x000001984ccb4800 JavaThread "WorkerExecutor Queue Thread 3" [_thread_blocked, id=3768, stack(0x0000007204200000,0x0000007204300000)]
  0x000001984ccb7800 JavaThread "WorkerExecutor Queue Thread 4" [_thread_blocked, id=2692, stack(0x0000007204300000,0x0000007204400000)]
  0x000001984ccb6000 JavaThread "pool-4-thread-1" [_thread_blocked, id=976, stack(0x0000007204400000,0x0000007204500000)]
  0x000001984ccb2800 JavaThread "stderr" [_thread_in_native, id=6880, stack(0x0000007204500000,0x0000007204600000)]
  0x000001984ccb8800 JavaThread "stdout" [_thread_in_native, id=3508, stack(0x0000007204600000,0x0000007204700000)]
  0x000001984ccb9800 JavaThread "stderr" [_thread_in_native, id=2424, stack(0x0000007204700000,0x0000007204800000)]
  0x000001984ccb3800 JavaThread "stdout" [_thread_in_native, id=9736, stack(0x0000007204800000,0x0000007204900000)]
  0x0000019844302800 JavaThread "C2 CompilerThread1" daemon [_thread_in_native, id=1016, stack(0x0000007202100000,0x0000007202200000)]

Other Threads:
  0x0000019842ecc800 VMThread "VM Thread" [stack: 0x0000007200e00000,0x0000007200f00000] [id=6236]
  0x00000198439bb000 WatcherThread [stack: 0x0000007201800000,0x0000007201900000] [id=2536]
=>0x0000019829306000 GCTaskThread "GC Thread#0" [stack: 0x0000007200900000,0x0000007200a00000] [id=11932]
  0x0000019843f3d000 GCTaskThread "GC Thread#1" [stack: 0x0000007201900000,0x0000007201a00000] [id=1272]
  0x0000019843f3e000 GCTaskThread "GC Thread#2" [stack: 0x0000007201a00000,0x0000007201b00000] [id=8288]
  0x000001984606b000 GCTaskThread "GC Thread#3" [stack: 0x0000007202700000,0x0000007202800000] [id=5680]
  0x0000019829336800 ConcurrentGCThread "G1 Main Marker" [stack: 0x0000007200a00000,0x0000007200b00000] [id=1444]
  0x0000019829337800 ConcurrentGCThread "G1 Conc#0" [stack: 0x0000007200b00000,0x0000007200c00000] [id=2120]
  0x00000198293b3000 ConcurrentGCThread "G1 Refine#0" [stack: 0x0000007200c00000,0x0000007200d00000] [id=3592]
  0x00000198293b6000 ConcurrentGCThread "G1 Young RemSet Sampling" [stack: 0x0000007200d00000,0x0000007200e00000] [id=400]

Threads with active compile tasks:
C2 CompilerThread0 613897 28870 %     4       com.android.tools.r8.ir.regalloc.a::a @ 281 (946 bytes)
C2 CompilerThread1 613897 28902       4       com.android.tools.r8.ir.regalloc.a::a (1824 bytes)

VM state:at safepoint (normal execution)

VM Mutex/Monitor currently owned by a thread:  ([mutex/lock_event])
[0x00000198292e7510] Threads_lock - owner thread: 0x0000019842ecc800
[0x00000198292e71b0] Heap_lock - owner thread: 0x00000198469d3000

Heap address: 0x0000000080000000, size: 2048 MB, Compressed Oops mode: 32-bit
Narrow klass base: 0x0000000000000000, Narrow klass shift: 3
Compressed class space size: 1073741824 Address: 0x0000000100000000

Heap:
 garbage-first heap   total 366592K, used 315013K [0x0000000080000000, 0x0000000100000000)
  region size 1024K, 98 young (100352K), 13 survivors (13312K)
 Metaspace       used 145047K, capacity 148940K, committed 149164K, reserved 1179648K
  class space    used 17885K, capacity 19339K, committed 19456K, reserved 1048576K
Heap Regions: E=young(eden), S=young(survivor), O=old, HS=humongous(starts), HC=humongous(continues), CS=collection set, F=free, A=archive, TAMS=top-at-mark-start (previous, next)
|   0|0x0000000080000000, 0x0000000080100000, 0x0000000080100000|100%| O|  |TAMS 0x0000000080100000, 0x0000000080000000| Untracked 
|   1|0x0000000080100000, 0x0000000080200000, 0x0000000080200000|100%| O|  |TAMS 0x0000000080200000, 0x0000000080100000| Untracked 
|   2|0x0000000080200000, 0x0000000080300000, 0x0000000080300000|100%| O|  |TAMS 0x0000000080300000, 0x0000000080200000| Untracked 
|   3|0x0000000080300000, 0x0000000080400000, 0x0000000080400000|100%|HS|  |TAMS 0x0000000080400000, 0x0000000080300000| Complete 
|   4|0x0000000080400000, 0x0000000080500000, 0x0000000080500000|100%|HC|  |TAMS 0x0000000080500000, 0x0000000080400000| Complete 
|   5|0x0000000080500000, 0x0000000080600000, 0x0000000080600000|100%|HC|  |TAMS 0x0000000080600000, 0x0000000080500000| Complete 
|   6|0x0000000080600000, 0x0000000080700000, 0x0000000080700000|100%| O|  |TAMS 0x0000000080700000, 0x0000000080600000| Untracked 
|   7|0x0000000080700000, 0x0000000080800000, 0x0000000080800000|100%| O|  |TAMS 0x0000000080800000, 0x0000000080700000| Untracked 
|   8|0x0000000080800000, 0x0000000080900000, 0x0000000080900000|100%| O|  |TAMS 0x0000000080900000, 0x0000000080800000| Untracked 
|   9|0x0000000080900000, 0x0000000080a00000, 0x0000000080a00000|100%|HS|  |TAMS 0x0000000080a00000, 0x0000000080900000| Complete 
|  10|0x0000000080a00000, 0x0000000080b00000, 0x0000000080b00000|100%|HC|  |TAMS 0x0000000080b00000, 0x0000000080a00000| Complete 
|  11|0x0000000080b00000, 0x0000000080c00000, 0x0000000080c00000|100%|HS|  |TAMS 0x0000000080c00000, 0x0000000080b00000| Complete 
|  12|0x0000000080c00000, 0x0000000080d00000, 0x0000000080d00000|100%|HC|  |TAMS 0x0000000080d00000, 0x0000000080c00000| Complete 
|  13|0x0000000080d00000, 0x0000000080e00000, 0x0000000080e00000|100%|HC|  |TAMS 0x0000000080e00000, 0x0000000080d00000| Complete 
|  14|0x0000000080e00000, 0x0000000080f00000, 0x0000000080f00000|100%|HS|  |TAMS 0x0000000080f00000, 0x0000000080e00000| Complete 
|  15|0x0000000080f00000, 0x0000000081000000, 0x0000000081000000|100%|HC|  |TAMS 0x0000000081000000, 0x0000000080f00000| Complete 
|  16|0x0000000081000000, 0x0000000081100000, 0x0000000081100000|100%|HC|  |TAMS 0x0000000081100000, 0x0000000081000000| Complete 
|  17|0x0000000081100000, 0x0000000081200000, 0x0000000081200000|100%|HC|  |TAMS 0x0000000081200000, 0x0000000081100000| Complete 
|  18|0x0000000081200000, 0x0000000081300000, 0x0000000081300000|100%|HC|  |TAMS 0x0000000081300000, 0x0000000081200000| Complete 
|  19|0x0000000081300000, 0x0000000081400000, 0x0000000081400000|100%| O|  |TAMS 0x0000000081400000, 0x0000000081300000| Untracked 
|  20|0x0000000081400000, 0x0000000081500000, 0x0000000081500000|100%| O|  |TAMS 0x0000000081500000, 0x0000000081400000| Untracked 
|  21|0x0000000081500000, 0x0000000081600000, 0x0000000081600000|100%| O|  |TAMS 0x0000000081600000, 0x0000000081500000| Untracked 
|  22|0x0000000081600000, 0x0000000081700000, 0x0000000081700000|100%| O|  |TAMS 0x0000000081700000, 0x0000000081600000| Untracked 
|  23|0x0000000081700000, 0x0000000081800000, 0x0000000081800000|100%| O|  |TAMS 0x0000000081800000, 0x0000000081700000| Untracked 
|  24|0x0000000081800000, 0x0000000081900000, 0x0000000081900000|100%| O|  |TAMS 0x0000000081900000, 0x0000000081800000| Untracked 
|  25|0x0000000081900000, 0x0000000081a00000, 0x0000000081a00000|100%| O|  |TAMS 0x0000000081a00000, 0x0000000081900000| Untracked 
|  26|0x0000000081a00000, 0x0000000081b00000, 0x0000000081b00000|100%| O|  |TAMS 0x0000000081b00000, 0x0000000081a00000| Untracked 
|  27|0x0000000081b00000, 0x0000000081c00000, 0x0000000081c00000|100%| O|  |TAMS 0x0000000081c00000, 0x0000000081b00000| Untracked 
|  28|0x0000000081c00000, 0x0000000081d00000, 0x0000000081d00000|100%| O|  |TAMS 0x0000000081d00000, 0x0000000081c00000| Untracked 
|  29|0x0000000081d00000, 0x0000000081e00000, 0x0000000081e00000|100%| O|  |TAMS 0x0000000081e00000, 0x0000000081d00000| Untracked 
|  30|0x0000000081e00000, 0x0000000081f00000, 0x0000000081f00000|100%| O|  |TAMS 0x0000000081f00000, 0x0000000081e00000| Untracked 
|  31|0x0000000081f00000, 0x0000000082000000, 0x0000000082000000|100%| O|  |TAMS 0x0000000082000000, 0x0000000081f00000| Untracked 
|  32|0x0000000082000000, 0x0000000082100000, 0x0000000082100000|100%|HS|  |TAMS 0x0000000082100000, 0x0000000082000000| Complete 
|  33|0x0000000082100000, 0x0000000082200000, 0x0000000082200000|100%|HC|  |TAMS 0x0000000082200000, 0x0000000082100000| Complete 
|  34|0x0000000082200000, 0x0000000082300000, 0x0000000082300000|100%|HC|  |TAMS 0x0000000082300000, 0x0000000082200000| Complete 
|  35|0x0000000082300000, 0x0000000082400000, 0x0000000082400000|100%|HC|  |TAMS 0x0000000082400000, 0x0000000082300000| Complete 
|  36|0x0000000082400000, 0x0000000082500000, 0x0000000082500000|100%|HC|  |TAMS 0x0000000082500000, 0x0000000082400000| Complete 
|  37|0x0000000082500000, 0x0000000082600000, 0x0000000082600000|100%|HS|  |TAMS 0x0000000082600000, 0x0000000082500000| Complete 
|  38|0x0000000082600000, 0x0000000082700000, 0x0000000082700000|100%|HC|  |TAMS 0x0000000082700000, 0x0000000082600000| Complete 
|  39|0x0000000082700000, 0x0000000082800000, 0x0000000082800000|100%|HC|  |TAMS 0x0000000082800000, 0x0000000082700000| Complete 
|  40|0x0000000082800000, 0x0000000082900000, 0x0000000082900000|100%| O|  |TAMS 0x0000000082900000, 0x0000000082800000| Untracked 
|  41|0x0000000082900000, 0x0000000082a00000, 0x0000000082a00000|100%| O|  |TAMS 0x0000000082a00000, 0x0000000082900000| Untracked 
|  42|0x0000000082a00000, 0x0000000082b00000, 0x0000000082b00000|100%| O|  |TAMS 0x0000000082b00000, 0x0000000082a00000| Untracked 
|  43|0x0000000082b00000, 0x0000000082c00000, 0x0000000082c00000|100%| O|  |TAMS 0x0000000082c00000, 0x0000000082b00000| Untracked 
|  44|0x0000000082c00000, 0x0000000082d00000, 0x0000000082d00000|100%| O|  |TAMS 0x0000000082d00000, 0x0000000082c00000| Untracked 
|  45|0x0000000082d00000, 0x0000000082e00000, 0x0000000082e00000|100%| O|  |TAMS 0x0000000082e00000, 0x0000000082d00000| Untracked 
|  46|0x0000000082e00000, 0x0000000082f00000, 0x0000000082f00000|100%| O|  |TAMS 0x0000000082f00000, 0x0000000082e00000| Untracked 
|  47|0x0000000082f00000, 0x0000000083000000, 0x0000000083000000|100%| O|  |TAMS 0x0000000083000000, 0x0000000082f00000| Untracked 
|  48|0x0000000083000000, 0x0000000083100000, 0x0000000083100000|100%| O|  |TAMS 0x0000000083100000, 0x0000000083000000| Untracked 
|  49|0x0000000083100000, 0x0000000083200000, 0x0000000083200000|100%| O|  |TAMS 0x0000000083200000, 0x0000000083100000| Untracked 
|  50|0x0000000083200000, 0x0000000083300000, 0x0000000083300000|100%| O|  |TAMS 0x0000000083300000, 0x0000000083200000| Untracked 
|  51|0x0000000083300000, 0x0000000083400000, 0x0000000083400000|100%|HS|  |TAMS 0x0000000083400000, 0x0000000083300000| Complete 
|  52|0x0000000083400000, 0x0000000083500000, 0x0000000083500000|100%|HS|  |TAMS 0x0000000083500000, 0x0000000083400000| Complete 
|  53|0x0000000083500000, 0x0000000083600000, 0x0000000083600000|100%|HS|  |TAMS 0x0000000083600000, 0x0000000083500000| Complete 
|  54|0x0000000083600000, 0x0000000083700000, 0x0000000083700000|100%| O|  |TAMS 0x0000000083700000, 0x0000000083600000| Untracked 
|  55|0x0000000083700000, 0x0000000083800000, 0x0000000083800000|100%| O|  |TAMS 0x0000000083800000, 0x0000000083700000| Untracked 
|  56|0x0000000083800000, 0x0000000083900000, 0x0000000083900000|100%|HS|  |TAMS 0x0000000083900000, 0x0000000083800000| Complete 
|  57|0x0000000083900000, 0x0000000083a00000, 0x0000000083a00000|100%|HC|  |TAMS 0x0000000083a00000, 0x0000000083900000| Complete 
|  58|0x0000000083a00000, 0x0000000083b00000, 0x0000000083b00000|100%|HC|  |TAMS 0x0000000083b00000, 0x0000000083a00000| Complete 
|  59|0x0000000083b00000, 0x0000000083c00000, 0x0000000083c00000|100%|HS|  |TAMS 0x0000000083c00000, 0x0000000083b00000| Complete 
|  60|0x0000000083c00000, 0x0000000083d00000, 0x0000000083d00000|100%|HC|  |TAMS 0x0000000083d00000, 0x0000000083c00000| Complete 
|  61|0x0000000083d00000, 0x0000000083e00000, 0x0000000083e00000|100%| O|  |TAMS 0x0000000083e00000, 0x0000000083d00000| Untracked 
|  62|0x0000000083e00000, 0x0000000083f00000, 0x0000000083f00000|100%| O|  |TAMS 0x0000000083f00000, 0x0000000083e00000| Untracked 
|  63|0x0000000083f00000, 0x0000000084000000, 0x0000000084000000|100%| O|  |TAMS 0x0000000084000000, 0x0000000083f00000| Untracked 
|  64|0x0000000084000000, 0x0000000084100000, 0x0000000084100000|100%| O|  |TAMS 0x0000000084100000, 0x0000000084000000| Untracked 
|  65|0x0000000084100000, 0x0000000084200000, 0x0000000084200000|100%| O|  |TAMS 0x0000000084200000, 0x0000000084100000| Untracked 
|  66|0x0000000084200000, 0x0000000084300000, 0x0000000084300000|100%| O|  |TAMS 0x0000000084300000, 0x0000000084200000| Untracked 
|  67|0x0000000084300000, 0x0000000084400000, 0x0000000084400000|100%| O|  |TAMS 0x0000000084400000, 0x0000000084300000| Untracked 
|  68|0x0000000084400000, 0x0000000084500000, 0x0000000084500000|100%| O|  |TAMS 0x0000000084500000, 0x0000000084400000| Untracked 
|  69|0x0000000084500000, 0x0000000084600000, 0x0000000084600000|100%| O|  |TAMS 0x0000000084600000, 0x0000000084500000| Untracked 
|  70|0x0000000084600000, 0x0000000084700000, 0x0000000084700000|100%| O|  |TAMS 0x0000000084700000, 0x0000000084600000| Untracked 
|  71|0x0000000084700000, 0x0000000084800000, 0x0000000084800000|100%| O|  |TAMS 0x0000000084800000, 0x0000000084700000| Untracked 
|  72|0x0000000084800000, 0x0000000084900000, 0x0000000084900000|100%| O|  |TAMS 0x0000000084900000, 0x0000000084800000| Untracked 
|  73|0x0000000084900000, 0x0000000084a00000, 0x0000000084a00000|100%| O|  |TAMS 0x0000000084a00000, 0x0000000084900000| Untracked 
|  74|0x0000000084a00000, 0x0000000084b00000, 0x0000000084b00000|100%| O|  |TAMS 0x0000000084b00000, 0x0000000084a00000| Untracked 
|  75|0x0000000084b00000, 0x0000000084c00000, 0x0000000084c00000|100%| O|  |TAMS 0x0000000084c00000, 0x0000000084b00000| Untracked 
|  76|0x0000000084c00000, 0x0000000084d00000, 0x0000000084d00000|100%| O|  |TAMS 0x0000000084d00000, 0x0000000084c00000| Untracked 
|  77|0x0000000084d00000, 0x0000000084e00000, 0x0000000084e00000|100%| O|  |TAMS 0x0000000084e00000, 0x0000000084d00000| Untracked 
|  78|0x0000000084e00000, 0x0000000084f00000, 0x0000000084f00000|100%| O|  |TAMS 0x0000000084f00000, 0x0000000084e00000| Untracked 
|  79|0x0000000084f00000, 0x0000000085000000, 0x0000000085000000|100%| O|  |TAMS 0x0000000085000000, 0x0000000084f00000| Untracked 
|  80|0x0000000085000000, 0x0000000085100000, 0x0000000085100000|100%| O|  |TAMS 0x0000000085100000, 0x0000000085000000| Untracked 
|  81|0x0000000085100000, 0x0000000085200000, 0x0000000085200000|100%| O|  |TAMS 0x0000000085200000, 0x0000000085100000| Untracked 
|  82|0x0000000085200000, 0x0000000085300000, 0x0000000085300000|100%| O|  |TAMS 0x0000000085300000, 0x0000000085200000| Untracked 
|  83|0x0000000085300000, 0x0000000085400000, 0x0000000085400000|100%| O|  |TAMS 0x0000000085400000, 0x0000000085300000| Untracked 
|  84|0x0000000085400000, 0x0000000085500000, 0x0000000085500000|100%| O|  |TAMS 0x0000000085500000, 0x0000000085400000| Untracked 
|  85|0x0000000085500000, 0x0000000085600000, 0x0000000085600000|100%| O|  |TAMS 0x0000000085600000, 0x0000000085500000| Untracked 
|  86|0x0000000085600000, 0x0000000085700000, 0x0000000085700000|100%| O|  |TAMS 0x0000000085700000, 0x0000000085600000| Untracked 
|  87|0x0000000085700000, 0x0000000085800000, 0x0000000085800000|100%| O|  |TAMS 0x0000000085800000, 0x0000000085700000| Untracked 
|  88|0x0000000085800000, 0x0000000085900000, 0x0000000085900000|100%| O|  |TAMS 0x0000000085900000, 0x0000000085800000| Untracked 
|  89|0x0000000085900000, 0x0000000085a00000, 0x0000000085a00000|100%| O|  |TAMS 0x0000000085a00000, 0x0000000085900000| Untracked 
|  90|0x0000000085a00000, 0x0000000085b00000, 0x0000000085b00000|100%| O|  |TAMS 0x0000000085b00000, 0x0000000085a00000| Untracked 
|  91|0x0000000085b00000, 0x0000000085c00000, 0x0000000085c00000|100%| O|  |TAMS 0x0000000085c00000, 0x0000000085b00000| Untracked 
|  92|0x0000000085c00000, 0x0000000085d00000, 0x0000000085d00000|100%| O|  |TAMS 0x0000000085d00000, 0x0000000085c00000| Untracked 
|  93|0x0000000085d00000, 0x0000000085e00000, 0x0000000085e00000|100%| O|  |TAMS 0x0000000085e00000, 0x0000000085d00000| Untracked 
|  94|0x0000000085e00000, 0x0000000085f00000, 0x0000000085f00000|100%| O|  |TAMS 0x0000000085f00000, 0x0000000085e00000| Untracked 
|  95|0x0000000085f00000, 0x0000000086000000, 0x0000000086000000|100%| O|  |TAMS 0x0000000086000000, 0x0000000085f00000| Untracked 
|  96|0x0000000086000000, 0x0000000086100000, 0x0000000086100000|100%| O|  |TAMS 0x0000000086100000, 0x0000000086000000| Untracked 
|  97|0x0000000086100000, 0x0000000086200000, 0x0000000086200000|100%| O|  |TAMS 0x0000000086200000, 0x0000000086100000| Untracked 
|  98|0x0000000086200000, 0x0000000086300000, 0x0000000086300000|100%| O|  |TAMS 0x0000000086300000, 0x0000000086200000| Untracked 
|  99|0x0000000086300000, 0x0000000086400000, 0x0000000086400000|100%| O|  |TAMS 0x0000000086400000, 0x0000000086300000| Untracked 
| 100|0x0000000086400000, 0x0000000086500000, 0x0000000086500000|100%| O|  |TAMS 0x0000000086500000, 0x0000000086400000| Untracked 
| 101|0x0000000086500000, 0x0000000086600000, 0x0000000086600000|100%| O|  |TAMS 0x0000000086600000, 0x0000000086500000| Untracked 
| 102|0x0000000086600000, 0x0000000086700000, 0x0000000086700000|100%| O|  |TAMS 0x0000000086700000, 0x0000000086600000| Untracked 
| 103|0x0000000086700000, 0x0000000086800000, 0x0000000086800000|100%| O|  |TAMS 0x0000000086800000, 0x0000000086700000| Untracked 
| 104|0x0000000086800000, 0x0000000086900000, 0x0000000086900000|100%| O|  |TAMS 0x0000000086900000, 0x0000000086800000| Untracked 
| 105|0x0000000086900000, 0x0000000086a00000, 0x0000000086a00000|100%| O|  |TAMS 0x0000000086a00000, 0x0000000086900000| Untracked 
| 106|0x0000000086a00000, 0x0000000086b00000, 0x0000000086b00000|100%| O|  |TAMS 0x0000000086b00000, 0x0000000086a00000| Untracked 
| 107|0x0000000086b00000, 0x0000000086c00000, 0x0000000086c00000|100%| O|  |TAMS 0x0000000086c00000, 0x0000000086b00000| Untracked 
| 108|0x0000000086c00000, 0x0000000086d00000, 0x0000000086d00000|100%| O|  |TAMS 0x0000000086d00000, 0x0000000086c00000| Untracked 
| 109|0x0000000086d00000, 0x0000000086e00000, 0x0000000086e00000|100%| O|  |TAMS 0x0000000086e00000, 0x0000000086d00000| Untracked 
| 110|0x0000000086e00000, 0x0000000086f00000, 0x0000000086f00000|100%| O|  |TAMS 0x0000000086f00000, 0x0000000086e00000| Untracked 
| 111|0x0000000086f00000, 0x0000000087000000, 0x0000000087000000|100%| O|  |TAMS 0x0000000087000000, 0x0000000086f00000| Untracked 
| 112|0x0000000087000000, 0x0000000087100000, 0x0000000087100000|100%| O|  |TAMS 0x0000000087100000, 0x0000000087000000| Untracked 
| 113|0x0000000087100000, 0x0000000087200000, 0x0000000087200000|100%| O|  |TAMS 0x0000000087200000, 0x0000000087100000| Untracked 
| 114|0x0000000087200000, 0x0000000087300000, 0x0000000087300000|100%| O|  |TAMS 0x0000000087300000, 0x0000000087200000| Untracked 
| 115|0x0000000087300000, 0x0000000087400000, 0x0000000087400000|100%| O|  |TAMS 0x0000000087400000, 0x0000000087300000| Untracked 
| 116|0x0000000087400000, 0x0000000087500000, 0x0000000087500000|100%| O|  |TAMS 0x0000000087500000, 0x0000000087400000| Untracked 
| 117|0x0000000087500000, 0x0000000087600000, 0x0000000087600000|100%| O|  |TAMS 0x0000000087600000, 0x0000000087500000| Untracked 
| 118|0x0000000087600000, 0x0000000087700000, 0x0000000087700000|100%| O|  |TAMS 0x0000000087700000, 0x0000000087600000| Untracked 
| 119|0x0000000087700000, 0x0000000087800000, 0x0000000087800000|100%| O|  |TAMS 0x0000000087800000, 0x0000000087700000| Untracked 
| 120|0x0000000087800000, 0x0000000087900000, 0x0000000087900000|100%| O|  |TAMS 0x0000000087900000, 0x0000000087800000| Untracked 
| 121|0x0000000087900000, 0x0000000087a00000, 0x0000000087a00000|100%| O|  |TAMS 0x0000000087a00000, 0x0000000087900000| Untracked 
| 122|0x0000000087a00000, 0x0000000087b00000, 0x0000000087b00000|100%| O|  |TAMS 0x0000000087b00000, 0x0000000087a00000| Untracked 
| 123|0x0000000087b00000, 0x0000000087c00000, 0x0000000087c00000|100%| O|  |TAMS 0x0000000087c00000, 0x0000000087b00000| Untracked 
| 124|0x0000000087c00000, 0x0000000087d00000, 0x0000000087d00000|100%| O|  |TAMS 0x0000000087d00000, 0x0000000087c00000| Untracked 
| 125|0x0000000087d00000, 0x0000000087e00000, 0x0000000087e00000|100%| O|  |TAMS 0x0000000087e00000, 0x0000000087d00000| Untracked 
| 126|0x0000000087e00000, 0x0000000087f00000, 0x0000000087f00000|100%| O|  |TAMS 0x0000000087f00000, 0x0000000087e00000| Untracked 
| 127|0x0000000087f00000, 0x0000000088000000, 0x0000000088000000|100%| O|  |TAMS 0x0000000088000000, 0x0000000087f00000| Untracked 
| 128|0x0000000088000000, 0x0000000088100000, 0x0000000088100000|100%| O|  |TAMS 0x0000000088100000, 0x0000000088000000| Untracked 
| 129|0x0000000088100000, 0x0000000088200000, 0x0000000088200000|100%| O|  |TAMS 0x0000000088200000, 0x0000000088100000| Untracked 
| 130|0x0000000088200000, 0x0000000088300000, 0x0000000088300000|100%| O|  |TAMS 0x0000000088300000, 0x0000000088200000| Untracked 
| 131|0x0000000088300000, 0x0000000088400000, 0x0000000088400000|100%| O|  |TAMS 0x0000000088400000, 0x0000000088300000| Untracked 
| 132|0x0000000088400000, 0x0000000088500000, 0x0000000088500000|100%| O|  |TAMS 0x0000000088500000, 0x0000000088400000| Untracked 
| 133|0x0000000088500000, 0x0000000088600000, 0x0000000088600000|100%| O|  |TAMS 0x0000000088600000, 0x0000000088500000| Untracked 
| 134|0x0000000088600000, 0x0000000088700000, 0x0000000088700000|100%| O|  |TAMS 0x0000000088700000, 0x0000000088600000| Untracked 
| 135|0x0000000088700000, 0x0000000088800000, 0x0000000088800000|100%| O|  |TAMS 0x0000000088800000, 0x0000000088700000| Untracked 
| 136|0x0000000088800000, 0x0000000088900000, 0x0000000088900000|100%| O|  |TAMS 0x0000000088900000, 0x0000000088800000| Untracked 
| 137|0x0000000088900000, 0x0000000088a00000, 0x0000000088a00000|100%| O|  |TAMS 0x0000000088a00000, 0x0000000088900000| Untracked 
| 138|0x0000000088a00000, 0x0000000088b00000, 0x0000000088b00000|100%| O|  |TAMS 0x0000000088b00000, 0x0000000088a00000| Untracked 
| 139|0x0000000088b00000, 0x0000000088c00000, 0x0000000088c00000|100%| O|  |TAMS 0x0000000088c00000, 0x0000000088b00000| Untracked 
| 140|0x0000000088c00000, 0x0000000088d00000, 0x0000000088d00000|100%| O|  |TAMS 0x0000000088d00000, 0x0000000088c00000| Untracked 
| 141|0x0000000088d00000, 0x0000000088e00000, 0x0000000088e00000|100%| O|  |TAMS 0x0000000088e00000, 0x0000000088d00000| Untracked 
| 142|0x0000000088e00000, 0x0000000088f00000, 0x0000000088f00000|100%| O|  |TAMS 0x0000000088f00000, 0x0000000088e00000| Untracked 
| 143|0x0000000088f00000, 0x0000000089000000, 0x0000000089000000|100%| O|  |TAMS 0x0000000089000000, 0x0000000088f00000| Untracked 
| 144|0x0000000089000000, 0x0000000089100000, 0x0000000089100000|100%| O|  |TAMS 0x0000000089100000, 0x0000000089000000| Untracked 
| 145|0x0000000089100000, 0x0000000089200000, 0x0000000089200000|100%| O|  |TAMS 0x0000000089200000, 0x0000000089100000| Untracked 
| 146|0x0000000089200000, 0x0000000089300000, 0x0000000089300000|100%| O|  |TAMS 0x0000000089300000, 0x0000000089200000| Untracked 
| 147|0x0000000089300000, 0x0000000089400000, 0x0000000089400000|100%| O|  |TAMS 0x0000000089400000, 0x0000000089300000| Untracked 
| 148|0x0000000089400000, 0x0000000089500000, 0x0000000089500000|100%| O|  |TAMS 0x0000000089500000, 0x0000000089400000| Untracked 
| 149|0x0000000089500000, 0x0000000089600000, 0x0000000089600000|100%| O|  |TAMS 0x0000000089600000, 0x0000000089500000| Untracked 
| 150|0x0000000089600000, 0x0000000089700000, 0x0000000089700000|100%| O|  |TAMS 0x0000000089700000, 0x0000000089600000| Untracked 
| 151|0x0000000089700000, 0x0000000089800000, 0x0000000089800000|100%| O|  |TAMS 0x0000000089800000, 0x0000000089700000| Untracked 
| 152|0x0000000089800000, 0x0000000089900000, 0x0000000089900000|100%| O|  |TAMS 0x0000000089900000, 0x0000000089800000| Untracked 
| 153|0x0000000089900000, 0x0000000089a00000, 0x0000000089a00000|100%| O|  |TAMS 0x0000000089a00000, 0x0000000089900000| Untracked 
| 154|0x0000000089a00000, 0x0000000089b00000, 0x0000000089b00000|100%| O|  |TAMS 0x0000000089b00000, 0x0000000089a00000| Untracked 
| 155|0x0000000089b00000, 0x0000000089c00000, 0x0000000089c00000|100%| O|  |TAMS 0x0000000089c00000, 0x0000000089b00000| Untracked 
| 156|0x0000000089c00000, 0x0000000089d00000, 0x0000000089d00000|100%| O|  |TAMS 0x0000000089d00000, 0x0000000089c00000| Untracked 
| 157|0x0000000089d00000, 0x0000000089e00000, 0x0000000089e00000|100%| O|  |TAMS 0x0000000089e00000, 0x0000000089d00000| Untracked 
| 158|0x0000000089e00000, 0x0000000089f00000, 0x0000000089f00000|100%| O|  |TAMS 0x0000000089f00000, 0x0000000089e00000| Untracked 
| 159|0x0000000089f00000, 0x000000008a000000, 0x000000008a000000|100%| O|  |TAMS 0x000000008a000000, 0x0000000089f00000| Untracked 
| 160|0x000000008a000000, 0x000000008a100000, 0x000000008a100000|100%| O|  |TAMS 0x000000008a100000, 0x000000008a000000| Untracked 
| 161|0x000000008a100000, 0x000000008a200000, 0x000000008a200000|100%| O|  |TAMS 0x000000008a200000, 0x000000008a100000| Untracked 
| 162|0x000000008a200000, 0x000000008a300000, 0x000000008a300000|100%| O|  |TAMS 0x000000008a300000, 0x000000008a200000| Untracked 
| 163|0x000000008a300000, 0x000000008a400000, 0x000000008a400000|100%| O|  |TAMS 0x000000008a400000, 0x000000008a300000| Untracked 
| 164|0x000000008a400000, 0x000000008a500000, 0x000000008a500000|100%| O|  |TAMS 0x000000008a500000, 0x000000008a400000| Untracked 
| 165|0x000000008a500000, 0x000000008a600000, 0x000000008a600000|100%| O|  |TAMS 0x000000008a600000, 0x000000008a500000| Untracked 
| 166|0x000000008a600000, 0x000000008a700000, 0x000000008a700000|100%| O|  |TAMS 0x000000008a700000, 0x000000008a600000| Untracked 
| 167|0x000000008a700000, 0x000000008a800000, 0x000000008a800000|100%| O|  |TAMS 0x000000008a800000, 0x000000008a700000| Untracked 
| 168|0x000000008a800000, 0x000000008a900000, 0x000000008a900000|100%| O|  |TAMS 0x000000008a900000, 0x000000008a800000| Untracked 
| 169|0x000000008a900000, 0x000000008aa00000, 0x000000008aa00000|100%| O|  |TAMS 0x000000008aa00000, 0x000000008a900000| Untracked 
| 170|0x000000008aa00000, 0x000000008ab00000, 0x000000008ab00000|100%| O|  |TAMS 0x000000008ab00000, 0x000000008aa00000| Untracked 
| 171|0x000000008ab00000, 0x000000008ac00000, 0x000000008ac00000|100%| O|  |TAMS 0x000000008ac00000, 0x000000008ab00000| Untracked 
| 172|0x000000008ac00000, 0x000000008ad00000, 0x000000008ad00000|100%| O|  |TAMS 0x000000008ad00000, 0x000000008ac00000| Untracked 
| 173|0x000000008ad00000, 0x000000008ae00000, 0x000000008ae00000|100%| O|  |TAMS 0x000000008ae00000, 0x000000008ad00000| Untracked 
| 174|0x000000008ae00000, 0x000000008af00000, 0x000000008af00000|100%| O|  |TAMS 0x000000008af00000, 0x000000008ae00000| Untracked 
| 175|0x000000008af00000, 0x000000008b000000, 0x000000008b000000|100%| O|  |TAMS 0x000000008b000000, 0x000000008af00000| Untracked 
| 176|0x000000008b000000, 0x000000008b100000, 0x000000008b100000|100%| O|  |TAMS 0x000000008b012800, 0x000000008b000000| Untracked 
| 177|0x000000008b100000, 0x000000008b200000, 0x000000008b200000|100%| O|  |TAMS 0x000000008b100000, 0x000000008b100000| Untracked 
| 178|0x000000008b200000, 0x000000008b300000, 0x000000008b300000|100%| O|  |TAMS 0x000000008b200000, 0x000000008b200000| Untracked 
| 179|0x000000008b300000, 0x000000008b400000, 0x000000008b400000|100%| O|  |TAMS 0x000000008b300000, 0x000000008b300000| Untracked 
| 180|0x000000008b400000, 0x000000008b500000, 0x000000008b500000|100%| O|  |TAMS 0x000000008b400000, 0x000000008b400000| Untracked 
| 181|0x000000008b500000, 0x000000008b600000, 0x000000008b600000|100%| O|  |TAMS 0x000000008b500000, 0x000000008b500000| Untracked 
| 182|0x000000008b600000, 0x000000008b700000, 0x000000008b700000|100%| O|  |TAMS 0x000000008b600000, 0x000000008b600000| Untracked 
| 183|0x000000008b700000, 0x000000008b800000, 0x000000008b800000|100%| O|  |TAMS 0x000000008b700000, 0x000000008b700000| Untracked 
| 184|0x000000008b800000, 0x000000008b900000, 0x000000008b900000|100%| O|  |TAMS 0x000000008b800000, 0x000000008b800000| Untracked 
| 185|0x000000008b900000, 0x000000008ba00000, 0x000000008ba00000|100%| O|  |TAMS 0x000000008b900000, 0x000000008b900000| Untracked 
| 186|0x000000008ba00000, 0x000000008bb00000, 0x000000008bb00000|100%| O|  |TAMS 0x000000008ba00000, 0x000000008ba00000| Untracked 
| 187|0x000000008bb00000, 0x000000008bc00000, 0x000000008bc00000|100%| O|  |TAMS 0x000000008bb00000, 0x000000008bb00000| Untracked 
| 188|0x000000008bc00000, 0x000000008bd00000, 0x000000008bd00000|100%| O|  |TAMS 0x000000008bc00000, 0x000000008bc00000| Untracked 
| 189|0x000000008bd00000, 0x000000008be00000, 0x000000008be00000|100%| O|  |TAMS 0x000000008bd00000, 0x000000008bd00000| Untracked 
| 190|0x000000008be00000, 0x000000008bf00000, 0x000000008bf00000|100%| O|  |TAMS 0x000000008be00000, 0x000000008be00000| Untracked 
| 191|0x000000008bf00000, 0x000000008c000000, 0x000000008c000000|100%| O|  |TAMS 0x000000008bf00000, 0x000000008bf00000| Untracked 
| 192|0x000000008c000000, 0x000000008c100000, 0x000000008c100000|100%| O|  |TAMS 0x000000008c000000, 0x000000008c000000| Untracked 
| 193|0x000000008c100000, 0x000000008c1ffff8, 0x000000008c200000| 99%| O|  |TAMS 0x000000008c100000, 0x000000008c100000| Untracked 
| 194|0x000000008c200000, 0x000000008c300000, 0x000000008c300000|100%| O|  |TAMS 0x000000008c200000, 0x000000008c200000| Untracked 
| 195|0x000000008c300000, 0x000000008c400000, 0x000000008c400000|100%| O|  |TAMS 0x000000008c300000, 0x000000008c300000| Untracked 
| 196|0x000000008c400000, 0x000000008c500000, 0x000000008c500000|100%| O|  |TAMS 0x000000008c400000, 0x000000008c400000| Untracked 
| 197|0x000000008c500000, 0x000000008c600000, 0x000000008c600000|100%| O|  |TAMS 0x000000008c500000, 0x000000008c500000| Untracked 
| 198|0x000000008c600000, 0x000000008c700000, 0x000000008c700000|100%| O|  |TAMS 0x000000008c600000, 0x000000008c600000| Untracked 
| 199|0x000000008c700000, 0x000000008c800000, 0x000000008c800000|100%| O|  |TAMS 0x000000008c700000, 0x000000008c700000| Untracked 
| 200|0x000000008c800000, 0x000000008c900000, 0x000000008c900000|100%| O|  |TAMS 0x000000008c800000, 0x000000008c800000| Untracked 
| 201|0x000000008c900000, 0x000000008ca00000, 0x000000008ca00000|100%| O|  |TAMS 0x000000008c900000, 0x000000008c900000| Untracked 
| 202|0x000000008ca00000, 0x000000008cb00000, 0x000000008cb00000|100%| O|  |TAMS 0x000000008ca00000, 0x000000008ca00000| Untracked 
| 203|0x000000008cb00000, 0x000000008cc00000, 0x000000008cc00000|100%| O|  |TAMS 0x000000008cb00000, 0x000000008cb00000| Untracked 
| 204|0x000000008cc00000, 0x000000008cd00000, 0x000000008cd00000|100%| O|  |TAMS 0x000000008cc00000, 0x000000008cc00000| Untracked 
| 205|0x000000008cd00000, 0x000000008ce00000, 0x000000008ce00000|100%| O|  |TAMS 0x000000008cd00000, 0x000000008cd00000| Untracked 
| 206|0x000000008ce00000, 0x000000008cf00000, 0x000000008cf00000|100%| O|  |TAMS 0x000000008ce00000, 0x000000008ce00000| Untracked 
| 207|0x000000008cf00000, 0x000000008d000000, 0x000000008d000000|100%| O|  |TAMS 0x000000008cf00000, 0x000000008cf00000| Untracked 
| 208|0x000000008d000000, 0x000000008d100000, 0x000000008d100000|100%| O|  |TAMS 0x000000008d000000, 0x000000008d000000| Untracked 
| 209|0x000000008d100000, 0x000000008d200000, 0x000000008d200000|100%|HS|  |TAMS 0x000000008d100000, 0x000000008d100000| Complete 
| 210|0x000000008d200000, 0x000000008d300000, 0x000000008d300000|100%| O|  |TAMS 0x000000008d200000, 0x000000008d200000| Untracked 
| 211|0x000000008d300000, 0x000000008d400000, 0x000000008d400000|100%| O|  |TAMS 0x000000008d300000, 0x000000008d300000| Untracked 
| 212|0x000000008d400000, 0x000000008d500000, 0x000000008d500000|100%| O|  |TAMS 0x000000008d400000, 0x000000008d400000| Untracked 
| 213|0x000000008d500000, 0x000000008d600000, 0x000000008d600000|100%| O|  |TAMS 0x000000008d500000, 0x000000008d500000| Untracked 
| 214|0x000000008d600000, 0x000000008d700000, 0x000000008d700000|100%| O|  |TAMS 0x000000008d600000, 0x000000008d600000| Untracked 
| 215|0x000000008d700000, 0x000000008d800000, 0x000000008d800000|100%| O|  |TAMS 0x000000008d700000, 0x000000008d700000| Untracked 
| 216|0x000000008d800000, 0x000000008d900000, 0x000000008d900000|100%| O|  |TAMS 0x000000008d800000, 0x000000008d800000| Untracked 
| 217|0x000000008d900000, 0x000000008da00000, 0x000000008da00000|100%| O|  |TAMS 0x000000008d900000, 0x000000008d900000| Untracked 
| 218|0x000000008da00000, 0x000000008db00000, 0x000000008db00000|100%| O|  |TAMS 0x000000008da00000, 0x000000008da00000| Untracked 
| 219|0x000000008db00000, 0x000000008dc00000, 0x000000008dc00000|100%| O|  |TAMS 0x000000008db00000, 0x000000008db00000| Untracked 
| 220|0x000000008dc00000, 0x000000008dd00000, 0x000000008dd00000|100%| O|  |TAMS 0x000000008dc00000, 0x000000008dc00000| Untracked 
| 221|0x000000008dd00000, 0x000000008de00000, 0x000000008de00000|100%| O|  |TAMS 0x000000008dd00000, 0x000000008dd00000| Untracked 
| 222|0x000000008de00000, 0x000000008de5eef0, 0x000000008df00000| 37%| O|  |TAMS 0x000000008de00000, 0x000000008de00000| Untracked 
| 223|0x000000008df00000, 0x000000008df00000, 0x000000008e000000|  0%| F|  |TAMS 0x000000008df00000, 0x000000008df00000| Untracked 
| 224|0x000000008e000000, 0x000000008e000000, 0x000000008e100000|  0%| F|  |TAMS 0x000000008e000000, 0x000000008e000000| Untracked 
| 225|0x000000008e100000, 0x000000008e100000, 0x000000008e200000|  0%| F|  |TAMS 0x000000008e100000, 0x000000008e100000| Untracked 
| 226|0x000000008e200000, 0x000000008e200000, 0x000000008e300000|  0%| F|  |TAMS 0x000000008e200000, 0x000000008e200000| Untracked 
| 227|0x000000008e300000, 0x000000008e300000, 0x000000008e400000|  0%| F|  |TAMS 0x000000008e300000, 0x000000008e300000| Untracked 
| 228|0x000000008e400000, 0x000000008e400000, 0x000000008e500000|  0%| F|  |TAMS 0x000000008e400000, 0x000000008e400000| Untracked 
| 229|0x000000008e500000, 0x000000008e500000, 0x000000008e600000|  0%| F|  |TAMS 0x000000008e500000, 0x000000008e500000| Untracked 
| 230|0x000000008e600000, 0x000000008e600000, 0x000000008e700000|  0%| F|  |TAMS 0x000000008e600000, 0x000000008e600000| Untracked 
| 231|0x000000008e700000, 0x000000008e700000, 0x000000008e800000|  0%| F|  |TAMS 0x000000008e700000, 0x000000008e700000| Untracked 
| 232|0x000000008e800000, 0x000000008e800000, 0x000000008e900000|  0%| F|  |TAMS 0x000000008e800000, 0x000000008e800000| Untracked 
| 233|0x000000008e900000, 0x000000008e900000, 0x000000008ea00000|  0%| F|  |TAMS 0x000000008e900000, 0x000000008e900000| Untracked 
| 234|0x000000008ea00000, 0x000000008ea00000, 0x000000008eb00000|  0%| F|  |TAMS 0x000000008ea00000, 0x000000008ea00000| Untracked 
| 235|0x000000008eb00000, 0x000000008eb00000, 0x000000008ec00000|  0%| F|  |TAMS 0x000000008eb00000, 0x000000008eb00000| Untracked 
| 236|0x000000008ec00000, 0x000000008ec00000, 0x000000008ed00000|  0%| F|  |TAMS 0x000000008ec00000, 0x000000008ec00000| Untracked 
| 237|0x000000008ed00000, 0x000000008edd2108, 0x000000008ee00000| 82%| E|CS|TAMS 0x000000008ed00000, 0x000000008ed00000| Complete 
| 238|0x000000008ee00000, 0x000000008ef00000, 0x000000008ef00000|100%| E|CS|TAMS 0x000000008ee00000, 0x000000008ee00000| Complete 
| 239|0x000000008ef00000, 0x000000008f000000, 0x000000008f000000|100%| E|CS|TAMS 0x000000008ef00000, 0x000000008ef00000| Complete 
| 240|0x000000008f000000, 0x000000008f100000, 0x000000008f100000|100%| E|CS|TAMS 0x000000008f000000, 0x000000008f000000| Complete 
| 241|0x000000008f100000, 0x000000008f200000, 0x000000008f200000|100%| E|CS|TAMS 0x000000008f100000, 0x000000008f100000| Complete 
| 242|0x000000008f200000, 0x000000008f300000, 0x000000008f300000|100%| E|CS|TAMS 0x000000008f200000, 0x000000008f200000| Complete 
| 243|0x000000008f300000, 0x000000008f400000, 0x000000008f400000|100%| E|CS|TAMS 0x000000008f300000, 0x000000008f300000| Complete 
| 244|0x000000008f400000, 0x000000008f500000, 0x000000008f500000|100%| E|CS|TAMS 0x000000008f400000, 0x000000008f400000| Complete 
| 245|0x000000008f500000, 0x000000008f600000, 0x000000008f600000|100%| E|CS|TAMS 0x000000008f500000, 0x000000008f500000| Complete 
| 246|0x000000008f600000, 0x000000008f700000, 0x000000008f700000|100%| E|CS|TAMS 0x000000008f600000, 0x000000008f600000| Complete 
| 247|0x000000008f700000, 0x000000008f800000, 0x000000008f800000|100%| E|CS|TAMS 0x000000008f700000, 0x000000008f700000| Complete 
| 248|0x000000008f800000, 0x000000008f800000, 0x000000008f900000|  0%| F|  |TAMS 0x000000008f800000, 0x000000008f800000| Untracked 
| 249|0x000000008f900000, 0x000000008fa00000, 0x000000008fa00000|100%| E|CS|TAMS 0x000000008f900000, 0x000000008f900000| Complete 
| 250|0x000000008fa00000, 0x000000008fb00000, 0x000000008fb00000|100%| E|CS|TAMS 0x000000008fa00000, 0x000000008fa00000| Complete 
| 251|0x000000008fb00000, 0x000000008fb00000, 0x000000008fc00000|  0%| F|  |TAMS 0x000000008fb00000, 0x000000008fb00000| Untracked 
| 252|0x000000008fc00000, 0x000000008fc00000, 0x000000008fd00000|  0%| F|  |TAMS 0x000000008fc00000, 0x000000008fc00000| Untracked 
| 253|0x000000008fd00000, 0x000000008fe00000, 0x000000008fe00000|100%| E|CS|TAMS 0x000000008fd00000, 0x000000008fd00000| Complete 
| 254|0x000000008fe00000, 0x000000008fe00000, 0x000000008ff00000|  0%| F|  |TAMS 0x000000008fe00000, 0x000000008fe00000| Untracked 
| 255|0x000000008ff00000, 0x000000008ff00000, 0x0000000090000000|  0%| F|  |TAMS 0x000000008ff00000, 0x000000008ff00000| Untracked 
| 256|0x0000000090000000, 0x0000000090000000, 0x0000000090100000|  0%| F|  |TAMS 0x0000000090000000, 0x0000000090000000| Untracked 
| 257|0x0000000090100000, 0x0000000090100000, 0x0000000090200000|  0%| F|  |TAMS 0x0000000090100000, 0x0000000090100000| Untracked 
| 258|0x0000000090200000, 0x0000000090200000, 0x0000000090300000|  0%| F|  |TAMS 0x0000000090200000, 0x0000000090200000| Untracked 
| 259|0x0000000090300000, 0x0000000090300000, 0x0000000090400000|  0%| F|  |TAMS 0x0000000090300000, 0x0000000090300000| Untracked 
| 260|0x0000000090400000, 0x0000000090500000, 0x0000000090500000|100%| S|  |TAMS 0x0000000090400000, 0x0000000090400000| Complete 
| 261|0x0000000090500000, 0x0000000090600000, 0x0000000090600000|100%| S|  |TAMS 0x0000000090500000, 0x0000000090500000| Complete 
| 262|0x0000000090600000, 0x0000000090700000, 0x0000000090700000|100%| S|  |TAMS 0x0000000090600000, 0x0000000090600000| Complete 
| 263|0x0000000090700000, 0x0000000090800000, 0x0000000090800000|100%| S|  |TAMS 0x0000000090700000, 0x0000000090700000| Complete 
| 264|0x0000000090800000, 0x0000000090900000, 0x0000000090900000|100%| S|  |TAMS 0x0000000090800000, 0x0000000090800000| Complete 
| 265|0x0000000090900000, 0x0000000090a00000, 0x0000000090a00000|100%| S|  |TAMS 0x0000000090900000, 0x0000000090900000| Complete 
| 266|0x0000000090a00000, 0x0000000090b00000, 0x0000000090b00000|100%| S|  |TAMS 0x0000000090a00000, 0x0000000090a00000| Complete 
| 267|0x0000000090b00000, 0x0000000090c00000, 0x0000000090c00000|100%| S|  |TAMS 0x0000000090b00000, 0x0000000090b00000| Complete 
| 268|0x0000000090c00000, 0x0000000090d00000, 0x0000000090d00000|100%| S|  |TAMS 0x0000000090c00000, 0x0000000090c00000| Complete 
| 269|0x0000000090d00000, 0x0000000090e00000, 0x0000000090e00000|100%| S|  |TAMS 0x0000000090d00000, 0x0000000090d00000| Complete 
| 270|0x0000000090e00000, 0x0000000090f00000, 0x0000000090f00000|100%| S|  |TAMS 0x0000000090e00000, 0x0000000090e00000| Complete 
| 271|0x0000000090f00000, 0x0000000091000000, 0x0000000091000000|100%| S|  |TAMS 0x0000000090f00000, 0x0000000090f00000| Complete 
| 272|0x0000000091000000, 0x0000000091100000, 0x0000000091100000|100%| S|  |TAMS 0x0000000091000000, 0x0000000091000000| Complete 
| 273|0x0000000091100000, 0x0000000091200000, 0x0000000091200000|100%| E|CS|TAMS 0x0000000091100000, 0x0000000091100000| Complete 
| 274|0x0000000091200000, 0x0000000091300000, 0x0000000091300000|100%| E|CS|TAMS 0x0000000091200000, 0x0000000091200000| Complete 
| 275|0x0000000091300000, 0x0000000091400000, 0x0000000091400000|100%| E|CS|TAMS 0x0000000091300000, 0x0000000091300000| Complete 
| 276|0x0000000091400000, 0x0000000091500000, 0x0000000091500000|100%| E|CS|TAMS 0x0000000091400000, 0x0000000091400000| Complete 
| 277|0x0000000091500000, 0x0000000091600000, 0x0000000091600000|100%| E|CS|TAMS 0x0000000091500000, 0x0000000091500000| Complete 
| 278|0x0000000091600000, 0x0000000091700000, 0x0000000091700000|100%| E|CS|TAMS 0x0000000091600000, 0x0000000091600000| Complete 
| 279|0x0000000091700000, 0x0000000091800000, 0x0000000091800000|100%| E|CS|TAMS 0x0000000091700000, 0x0000000091700000| Complete 
| 280|0x0000000091800000, 0x0000000091900000, 0x0000000091900000|100%| E|CS|TAMS 0x0000000091800000, 0x0000000091800000| Complete 
| 281|0x0000000091900000, 0x0000000091a00000, 0x0000000091a00000|100%| E|CS|TAMS 0x0000000091900000, 0x0000000091900000| Complete 
| 282|0x0000000091a00000, 0x0000000091b00000, 0x0000000091b00000|100%| E|CS|TAMS 0x0000000091a00000, 0x0000000091a00000| Complete 
| 283|0x0000000091b00000, 0x0000000091c00000, 0x0000000091c00000|100%| E|CS|TAMS 0x0000000091b00000, 0x0000000091b00000| Complete 
| 284|0x0000000091c00000, 0x0000000091d00000, 0x0000000091d00000|100%| E|CS|TAMS 0x0000000091c00000, 0x0000000091c00000| Complete 
| 285|0x0000000091d00000, 0x0000000091e00000, 0x0000000091e00000|100%| E|CS|TAMS 0x0000000091d00000, 0x0000000091d00000| Complete 
| 286|0x0000000091e00000, 0x0000000091f00000, 0x0000000091f00000|100%| E|CS|TAMS 0x0000000091e00000, 0x0000000091e00000| Complete 
| 287|0x0000000091f00000, 0x0000000092000000, 0x0000000092000000|100%| E|CS|TAMS 0x0000000091f00000, 0x0000000091f00000| Complete 
| 288|0x0000000092000000, 0x0000000092100000, 0x0000000092100000|100%| E|CS|TAMS 0x0000000092000000, 0x0000000092000000| Complete 
| 289|0x0000000092100000, 0x0000000092200000, 0x0000000092200000|100%| E|CS|TAMS 0x0000000092100000, 0x0000000092100000| Complete 
| 290|0x0000000092200000, 0x0000000092300000, 0x0000000092300000|100%| E|CS|TAMS 0x0000000092200000, 0x0000000092200000| Complete 
| 291|0x0000000092300000, 0x0000000092400000, 0x0000000092400000|100%| E|CS|TAMS 0x0000000092300000, 0x0000000092300000| Complete 
| 292|0x0000000092400000, 0x0000000092500000, 0x0000000092500000|100%| E|CS|TAMS 0x0000000092400000, 0x0000000092400000| Complete 
| 293|0x0000000092500000, 0x0000000092600000, 0x0000000092600000|100%| E|CS|TAMS 0x0000000092500000, 0x0000000092500000| Complete 
| 294|0x0000000092600000, 0x0000000092700000, 0x0000000092700000|100%| E|CS|TAMS 0x0000000092600000, 0x0000000092600000| Complete 
| 295|0x0000000092700000, 0x0000000092800000, 0x0000000092800000|100%| E|CS|TAMS 0x0000000092700000, 0x0000000092700000| Complete 
| 296|0x0000000092800000, 0x0000000092900000, 0x0000000092900000|100%| E|CS|TAMS 0x0000000092800000, 0x0000000092800000| Complete 
| 297|0x0000000092900000, 0x0000000092a00000, 0x0000000092a00000|100%| E|CS|TAMS 0x0000000092900000, 0x0000000092900000| Complete 
| 298|0x0000000092a00000, 0x0000000092b00000, 0x0000000092b00000|100%| E|CS|TAMS 0x0000000092a00000, 0x0000000092a00000| Complete 
| 299|0x0000000092b00000, 0x0000000092c00000, 0x0000000092c00000|100%| E|CS|TAMS 0x0000000092b00000, 0x0000000092b00000| Complete 
| 300|0x0000000092c00000, 0x0000000092d00000, 0x0000000092d00000|100%| E|CS|TAMS 0x0000000092c00000, 0x0000000092c00000| Complete 
| 301|0x0000000092d00000, 0x0000000092e00000, 0x0000000092e00000|100%| E|CS|TAMS 0x0000000092d00000, 0x0000000092d00000| Complete 
| 302|0x0000000092e00000, 0x0000000092f00000, 0x0000000092f00000|100%| E|CS|TAMS 0x0000000092e00000, 0x0000000092e00000| Complete 
| 303|0x0000000092f00000, 0x0000000093000000, 0x0000000093000000|100%| E|CS|TAMS 0x0000000092f00000, 0x0000000092f00000| Complete 
| 304|0x0000000093000000, 0x0000000093100000, 0x0000000093100000|100%| E|CS|TAMS 0x0000000093000000, 0x0000000093000000| Complete 
| 305|0x0000000093100000, 0x0000000093200000, 0x0000000093200000|100%| E|CS|TAMS 0x0000000093100000, 0x0000000093100000| Complete 
| 306|0x0000000093200000, 0x0000000093300000, 0x0000000093300000|100%| E|CS|TAMS 0x0000000093200000, 0x0000000093200000| Complete 
| 307|0x0000000093300000, 0x0000000093400000, 0x0000000093400000|100%| E|CS|TAMS 0x0000000093300000, 0x0000000093300000| Complete 
| 308|0x0000000093400000, 0x0000000093500000, 0x0000000093500000|100%| E|CS|TAMS 0x0000000093400000, 0x0000000093400000| Complete 
| 309|0x0000000093500000, 0x0000000093600000, 0x0000000093600000|100%| E|CS|TAMS 0x0000000093500000, 0x0000000093500000| Complete 
| 310|0x0000000093600000, 0x0000000093700000, 0x0000000093700000|100%| E|CS|TAMS 0x0000000093600000, 0x0000000093600000| Complete 
| 311|0x0000000093700000, 0x0000000093800000, 0x0000000093800000|100%| E|CS|TAMS 0x0000000093700000, 0x0000000093700000| Complete 
| 312|0x0000000093800000, 0x0000000093900000, 0x0000000093900000|100%| E|CS|TAMS 0x0000000093800000, 0x0000000093800000| Complete 
| 313|0x0000000093900000, 0x0000000093a00000, 0x0000000093a00000|100%| E|CS|TAMS 0x0000000093900000, 0x0000000093900000| Complete 
| 314|0x0000000093a00000, 0x0000000093b00000, 0x0000000093b00000|100%| E|CS|TAMS 0x0000000093a00000, 0x0000000093a00000| Complete 
| 315|0x0000000093b00000, 0x0000000093c00000, 0x0000000093c00000|100%| E|CS|TAMS 0x0000000093b00000, 0x0000000093b00000| Complete 
| 316|0x0000000093c00000, 0x0000000093d00000, 0x0000000093d00000|100%| E|CS|TAMS 0x0000000093c00000, 0x0000000093c00000| Complete 
| 317|0x0000000093d00000, 0x0000000093e00000, 0x0000000093e00000|100%| E|CS|TAMS 0x0000000093d00000, 0x0000000093d00000| Complete 
| 318|0x0000000093e00000, 0x0000000093f00000, 0x0000000093f00000|100%| E|CS|TAMS 0x0000000093e00000, 0x0000000093e00000| Complete 
| 319|0x0000000093f00000, 0x0000000094000000, 0x0000000094000000|100%| E|CS|TAMS 0x0000000093f00000, 0x0000000093f00000| Complete 
| 320|0x0000000094000000, 0x0000000094100000, 0x0000000094100000|100%| E|CS|TAMS 0x0000000094000000, 0x0000000094000000| Complete 
| 321|0x0000000094100000, 0x0000000094200000, 0x0000000094200000|100%| E|CS|TAMS 0x0000000094100000, 0x0000000094100000| Complete 
| 322|0x0000000094200000, 0x0000000094300000, 0x0000000094300000|100%| E|CS|TAMS 0x0000000094200000, 0x0000000094200000| Complete 
| 323|0x0000000094300000, 0x0000000094400000, 0x0000000094400000|100%| E|CS|TAMS 0x0000000094300000, 0x0000000094300000| Complete 
| 324|0x0000000094400000, 0x0000000094500000, 0x0000000094500000|100%| E|CS|TAMS 0x0000000094400000, 0x0000000094400000| Complete 
| 325|0x0000000094500000, 0x0000000094600000, 0x0000000094600000|100%| E|CS|TAMS 0x0000000094500000, 0x0000000094500000| Complete 
| 326|0x0000000094600000, 0x0000000094700000, 0x0000000094700000|100%| E|CS|TAMS 0x0000000094600000, 0x0000000094600000| Complete 
| 327|0x0000000094700000, 0x0000000094800000, 0x0000000094800000|100%| E|CS|TAMS 0x0000000094700000, 0x0000000094700000| Complete 
| 328|0x0000000094800000, 0x0000000094900000, 0x0000000094900000|100%| E|CS|TAMS 0x0000000094800000, 0x0000000094800000| Complete 
| 329|0x0000000094900000, 0x0000000094a00000, 0x0000000094a00000|100%| E|CS|TAMS 0x0000000094900000, 0x0000000094900000| Complete 
| 330|0x0000000094a00000, 0x0000000094b00000, 0x0000000094b00000|100%| E|CS|TAMS 0x0000000094a00000, 0x0000000094a00000| Complete 
| 331|0x0000000094b00000, 0x0000000094c00000, 0x0000000094c00000|100%| E|CS|TAMS 0x0000000094b00000, 0x0000000094b00000| Complete 
| 332|0x0000000094c00000, 0x0000000094d00000, 0x0000000094d00000|100%| E|CS|TAMS 0x0000000094c00000, 0x0000000094c00000| Complete 
| 333|0x0000000094d00000, 0x0000000094e00000, 0x0000000094e00000|100%| E|CS|TAMS 0x0000000094d00000, 0x0000000094d00000| Complete 
| 334|0x0000000094e00000, 0x0000000094f00000, 0x0000000094f00000|100%| E|CS|TAMS 0x0000000094e00000, 0x0000000094e00000| Complete 
| 335|0x0000000094f00000, 0x0000000095000000, 0x0000000095000000|100%| E|CS|TAMS 0x0000000094f00000, 0x0000000094f00000| Complete 
| 336|0x0000000095000000, 0x0000000095100000, 0x0000000095100000|100%| E|CS|TAMS 0x0000000095000000, 0x0000000095000000| Complete 
| 337|0x0000000095100000, 0x0000000095200000, 0x0000000095200000|100%| E|CS|TAMS 0x0000000095100000, 0x0000000095100000| Complete 
| 338|0x0000000095200000, 0x0000000095300000, 0x0000000095300000|100%| E|CS|TAMS 0x0000000095200000, 0x0000000095200000| Complete 
| 339|0x0000000095300000, 0x0000000095400000, 0x0000000095400000|100%| E|CS|TAMS 0x0000000095300000, 0x0000000095300000| Complete 
| 340|0x0000000095400000, 0x0000000095500000, 0x0000000095500000|100%| E|CS|TAMS 0x0000000095400000, 0x0000000095400000| Complete 
| 341|0x0000000095500000, 0x0000000095600000, 0x0000000095600000|100%| E|CS|TAMS 0x0000000095500000, 0x0000000095500000| Complete 
| 342|0x0000000095600000, 0x0000000095700000, 0x0000000095700000|100%| E|CS|TAMS 0x0000000095600000, 0x0000000095600000| Complete 
| 343|0x0000000095700000, 0x0000000095800000, 0x0000000095800000|100%| E|CS|TAMS 0x0000000095700000, 0x0000000095700000| Complete 
| 344|0x0000000095800000, 0x0000000095900000, 0x0000000095900000|100%| E|CS|TAMS 0x0000000095800000, 0x0000000095800000| Complete 
| 345|0x0000000095900000, 0x0000000095a00000, 0x0000000095a00000|100%| E|CS|TAMS 0x0000000095900000, 0x0000000095900000| Complete 
| 346|0x0000000095a00000, 0x0000000095b00000, 0x0000000095b00000|100%| E|CS|TAMS 0x0000000095a00000, 0x0000000095a00000| Complete 
| 347|0x0000000095b00000, 0x0000000095c00000, 0x0000000095c00000|100%| E|CS|TAMS 0x0000000095b00000, 0x0000000095b00000| Complete 
| 348|0x0000000095c00000, 0x0000000095d00000, 0x0000000095d00000|100%| E|CS|TAMS 0x0000000095c00000, 0x0000000095c00000| Complete 
| 349|0x0000000095d00000, 0x0000000095e00000, 0x0000000095e00000|100%| E|CS|TAMS 0x0000000095d00000, 0x0000000095d00000| Complete 
| 350|0x0000000095e00000, 0x0000000095f00000, 0x0000000095f00000|100%| E|CS|TAMS 0x0000000095e00000, 0x0000000095e00000| Complete 
| 351|0x0000000095f00000, 0x0000000096000000, 0x0000000096000000|100%| E|CS|TAMS 0x0000000095f00000, 0x0000000095f00000| Complete 
| 352|0x0000000096000000, 0x0000000096100000, 0x0000000096100000|100%| E|CS|TAMS 0x0000000096000000, 0x0000000096000000| Complete 
| 353|0x0000000096100000, 0x0000000096200000, 0x0000000096200000|100%| E|CS|TAMS 0x0000000096100000, 0x0000000096100000| Complete 
| 354|0x0000000096200000, 0x0000000096300000, 0x0000000096300000|100%| E|CS|TAMS 0x0000000096200000, 0x0000000096200000| Complete 
| 355|0x0000000096300000, 0x0000000096400000, 0x0000000096400000|100%| E|CS|TAMS 0x0000000096300000, 0x0000000096300000| Complete 
| 356|0x0000000096400000, 0x0000000096500000, 0x0000000096500000|100%| E|CS|TAMS 0x0000000096400000, 0x0000000096400000| Complete 
| 357|0x0000000096500000, 0x0000000096600000, 0x0000000096600000|100%| E|CS|TAMS 0x0000000096500000, 0x0000000096500000| Complete 

Card table byte_map: [0x000001983c1d0000,0x000001983c5d0000] _byte_map_base: 0x000001983bdd0000

Marking Bits (Prev, Next): (CMBitMap*) 0x000001982932ddc8, (CMBitMap*) 0x000001982932de00
 Prev Bits: [0x000001983c9d0000, 0x000001983e9d0000)
 Next Bits: [0x000001983e9d0000, 0x00000198409d0000)

Polling page: 0x0000019827120000

Metaspace:

Usage:
  Non-class:    126.56 MB capacity,   124.18 MB ( 98%) used,     1.93 MB (  2%) free+waste,   467.38 KB ( <1%) overhead. 
      Class:     18.89 MB capacity,    17.47 MB ( 92%) used,     1.22 MB (  6%) free+waste,   202.56 KB (  1%) overhead. 
       Both:    145.45 MB capacity,   141.65 MB ( 97%) used,     3.15 MB (  2%) free+waste,   669.94 KB ( <1%) overhead. 

Virtual space:
  Non-class space:      128.00 MB reserved,     126.67 MB ( 99%) committed 
      Class space:        1.00 GB reserved,      19.00 MB (  2%) committed 
             Both:        1.13 GB reserved,     145.67 MB ( 13%) committed 

Chunk freelists:
   Non-Class:  43.00 KB
       Class:  21.00 KB
        Both:  64.00 KB

MaxMetaspaceSize: 17179869184.00 GB
CompressedClassSpaceSize: 1.00 GB

CodeHeap 'non-profiled nmethods': size=120064Kb used=24899Kb max_used=24899Kb free=95164Kb
 bounds [0x0000019834890000, 0x00000198360f0000, 0x000001983bdd0000]
CodeHeap 'profiled nmethods': size=120000Kb used=51636Kb max_used=55752Kb free=68363Kb
 bounds [0x000001982d360000, 0x0000019830b20000, 0x0000019834890000]
CodeHeap 'non-nmethods': size=5696Kb used=2391Kb max_used=2486Kb free=3304Kb
 bounds [0x000001982cdd0000, 0x000001982d060000, 0x000001982d360000]
 total_blobs=23977 nmethods=22944 adapters=942
 compilation: enabled
              stopped_count=0, restarted_count=0
 full_count=0

Compilation events (20 events):
Event: 613.183 Thread 0x0000019842ef5000 28934       1       com.android.tools.r8.dex.z::f (5 bytes)
Event: 613.183 Thread 0x0000019842ef5000 nmethod 28934 0x00000198360e8390 code [0x00000198360e8540, 0x00000198360e85f8]
Event: 613.185 Thread 0x0000019842ef5000 28935  s    2       com.android.tools.r8.internal.UA::a (20 bytes)
Event: 613.186 Thread 0x0000019842ef5000 nmethod 28935 0x000001982e215190 code [0x000001982e215360, 0x000001982e215688]
Event: 613.358 Thread 0x0000019842ef5000 28937       2       com.android.tools.r8.graph.G0::a (77 bytes)
Event: 613.360 Thread 0x0000019842ef5000 nmethod 28937 0x000001982e2d0d90 code [0x000001982e2d0fc0, 0x000001982e2d15c8]
Event: 613.478 Thread 0x0000019842ef5000 28939       2       com.android.tools.r8.graph.T$K::a (52 bytes)
Event: 613.480 Thread 0x0000019842ef5000 nmethod 28939 0x000001982e2fda10 code [0x000001982e2fdc00, 0x000001982e2fe1e8]
Event: 613.608 Thread 0x0000019842ef5000 28940       2       com.android.tools.r8.internal.Z4::a (161 bytes)
Event: 613.609 Thread 0x0000019842ef5000 nmethod 28940 0x000001982e301190 code [0x000001982e3013c0, 0x000001982e301ce8]
Event: 613.613 Thread 0x0000019842ef5000 28941       2       com.android.tools.r8.internal.af::<init> (11 bytes)
Event: 613.614 Thread 0x0000019842ef5000 nmethod 28941 0x000001982dfc0890 code [0x000001982dfc0a40, 0x000001982dfc0bc8]
Event: 613.642 Thread 0x0000019842ef5000 28943       2       com.android.tools.r8.graph.B0::c (8 bytes)
Event: 613.643 Thread 0x0000019842ef5000 nmethod 28943 0x000001982e02b910 code [0x000001982e02bac0, 0x000001982e02bc18]
Event: 613.643 Thread 0x0000019842ef5000 28944       2       com.android.tools.r8.graph.h0::j (14 bytes)
Event: 613.643 Thread 0x0000019842ef5000 nmethod 28944 0x000001982deefb10 code [0x000001982deefcc0, 0x000001982deefdf8]
Event: 613.645 Thread 0x0000019842ef5000 28945       2       com.android.tools.r8.graph.B0$c::a (559 bytes)
Event: 613.650 Thread 0x0000019842ef5000 nmethod 28945 0x000001982eda4410 code [0x000001982eda4860, 0x000001982eda64b8]
Event: 613.650 Thread 0x0000019842ef5000 28946       2       com.android.tools.r8.internal.Ec::a (4 bytes)
Event: 613.651 Thread 0x0000019842ef5000 nmethod 28946 0x000001982d428390 code [0x000001982d428540, 0x000001982d428618]

GC Heap History (20 events):
Event: 591.661 GC heap after
{Heap after GC invocations=120 (full 0):
 garbage-first heap   total 366592K, used 216893K [0x0000000080000000, 0x0000000100000000)
  region size 1024K, 4 young (4096K), 4 survivors (4096K)
 Metaspace       used 144950K, capacity 148799K, committed 149164K, reserved 1179648K
  class space    used 17882K, capacity 19338K, committed 19456K, reserved 1048576K
}
Event: 593.700 GC heap before
{Heap before GC invocations=120 (full 0):
 garbage-first heap   total 366592K, used 319293K [0x0000000080000000, 0x0000000100000000)
  region size 1024K, 104 young (106496K), 4 survivors (4096K)
 Metaspace       used 144953K, capacity 148799K, committed 149164K, reserved 1179648K
  class space    used 17883K, capacity 19338K, committed 19456K, reserved 1048576K
}
Event: 593.712 GC heap after
{Heap after GC invocations=121 (full 0):
 garbage-first heap   total 366592K, used 217262K [0x0000000080000000, 0x0000000100000000)
  region size 1024K, 5 young (5120K), 5 survivors (5120K)
 Metaspace       used 144953K, capacity 148799K, committed 149164K, reserved 1179648K
  class space    used 17883K, capacity 19338K, committed 19456K, reserved 1048576K
}
Event: 595.624 GC heap before
{Heap before GC invocations=121 (full 0):
 garbage-first heap   total 366592K, used 319662K [0x0000000080000000, 0x0000000100000000)
  region size 1024K, 105 young (107520K), 5 survivors (5120K)
 Metaspace       used 144954K, capacity 148799K, committed 149164K, reserved 1179648K
  class space    used 17883K, capacity 19338K, committed 19456K, reserved 1048576K
}
Event: 595.639 GC heap after
{Heap after GC invocations=122 (full 0):
 garbage-first heap   total 366592K, used 217907K [0x0000000080000000, 0x0000000100000000)
  region size 1024K, 5 young (5120K), 5 survivors (5120K)
 Metaspace       used 144954K, capacity 148799K, committed 149164K, reserved 1179648K
  class space    used 17883K, capacity 19338K, committed 19456K, reserved 1048576K
}
Event: 596.433 GC heap before
{Heap before GC invocations=122 (full 0):
 garbage-first heap   total 366592K, used 321331K [0x0000000080000000, 0x0000000100000000)
  region size 1024K, 106 young (108544K), 5 survivors (5120K)
 Metaspace       used 144957K, capacity 148799K, committed 149164K, reserved 1179648K
  class space    used 17883K, capacity 19338K, committed 19456K, reserved 1048576K
}
Event: 596.447 GC heap after
{Heap after GC invocations=123 (full 0):
 garbage-first heap   total 366592K, used 218368K [0x0000000080000000, 0x0000000100000000)
  region size 1024K, 6 young (6144K), 6 survivors (6144K)
 Metaspace       used 144957K, capacity 148799K, committed 149164K, reserved 1179648K
  class space    used 17883K, capacity 19338K, committed 19456K, reserved 1048576K
}
Event: 597.776 GC heap before
{Heap before GC invocations=123 (full 0):
 garbage-first heap   total 366592K, used 321792K [0x0000000080000000, 0x0000000100000000)
  region size 1024K, 107 young (109568K), 6 survivors (6144K)
 Metaspace       used 144958K, capacity 148799K, committed 149164K, reserved 1179648K
  class space    used 17883K, capacity 19338K, committed 19456K, reserved 1048576K
}
Event: 597.794 GC heap after
{Heap after GC invocations=124 (full 0):
 garbage-first heap   total 366592K, used 218664K [0x0000000080000000, 0x0000000100000000)
  region size 1024K, 6 young (6144K), 6 survivors (6144K)
 Metaspace       used 144958K, capacity 148799K, committed 149164K, reserved 1179648K
  class space    used 17883K, capacity 19338K, committed 19456K, reserved 1048576K
}
Event: 598.639 GC heap before
{Heap before GC invocations=124 (full 0):
 garbage-first heap   total 366592K, used 322088K [0x0000000080000000, 0x0000000100000000)
  region size 1024K, 107 young (109568K), 6 survivors (6144K)
 Metaspace       used 144961K, capacity 148799K, committed 149164K, reserved 1179648K
  class space    used 17883K, capacity 19338K, committed 19456K, reserved 1048576K
}
Event: 598.655 GC heap after
{Heap after GC invocations=125 (full 0):
 garbage-first heap   total 366592K, used 219483K [0x0000000080000000, 0x0000000100000000)
  region size 1024K, 7 young (7168K), 7 survivors (7168K)
 Metaspace       used 144961K, capacity 148799K, committed 149164K, reserved 1179648K
  class space    used 17883K, capacity 19338K, committed 19456K, reserved 1048576K
}
Event: 602.298 GC heap before
{Heap before GC invocations=125 (full 0):
 garbage-first heap   total 366592K, used 322907K [0x0000000080000000, 0x0000000100000000)
  region size 1024K, 107 young (109568K), 7 survivors (7168K)
 Metaspace       used 144997K, capacity 148867K, committed 149164K, reserved 1179648K
  class space    used 17883K, capacity 19338K, committed 19456K, reserved 1048576K
}
Event: 602.313 GC heap after
{Heap after GC invocations=126 (full 0):
 garbage-first heap   total 366592K, used 218941K [0x0000000080000000, 0x0000000100000000)
  region size 1024K, 6 young (6144K), 6 survivors (6144K)
 Metaspace       used 144997K, capacity 148867K, committed 149164K, reserved 1179648K
  class space    used 17883K, capacity 19338K, committed 19456K, reserved 1048576K
}
Event: 607.321 GC heap before
{Heap before GC invocations=126 (full 0):
 garbage-first heap   total 366592K, used 321341K [0x0000000080000000, 0x0000000100000000)
  region size 1024K, 107 young (109568K), 6 survivors (6144K)
 Metaspace       used 145007K, capacity 148935K, committed 149164K, reserved 1179648K
  class space    used 17884K, capacity 19339K, committed 19456K, reserved 1048576K
}
Event: 607.337 GC heap after
{Heap after GC invocations=127 (full 0):
 garbage-first heap   total 366592K, used 218535K [0x0000000080000000, 0x0000000100000000)
  region size 1024K, 6 young (6144K), 6 survivors (6144K)
 Metaspace       used 145007K, capacity 148935K, committed 149164K, reserved 1179648K
  class space    used 17884K, capacity 19339K, committed 19456K, reserved 1048576K
}
Event: 611.586 GC heap before
{Heap before GC invocations=127 (full 0):
 garbage-first heap   total 366592K, used 320935K [0x0000000080000000, 0x0000000100000000)
  region size 1024K, 107 young (109568K), 6 survivors (6144K)
 Metaspace       used 145029K, capacity 148938K, committed 149164K, reserved 1179648K
  class space    used 17885K, capacity 19339K, committed 19456K, reserved 1048576K
}
Event: 611.604 GC heap after
{Heap after GC invocations=128 (full 0):
 garbage-first heap   total 366592K, used 218931K [0x0000000080000000, 0x0000000100000000)
  region size 1024K, 6 young (6144K), 6 survivors (6144K)
 Metaspace       used 145029K, capacity 148938K, committed 149164K, reserved 1179648K
  class space    used 17885K, capacity 19339K, committed 19456K, reserved 1048576K
}
Event: 613.037 GC heap before
{Heap before GC invocations=128 (full 0):
 garbage-first heap   total 366592K, used 323379K [0x0000000080000000, 0x0000000100000000)
  region size 1024K, 107 young (109568K), 6 survivors (6144K)
 Metaspace       used 145036K, capacity 148939K, committed 149164K, reserved 1179648K
  class space    used 17885K, capacity 19339K, committed 19456K, reserved 1048576K
}
Event: 613.053 GC heap after
{Heap after GC invocations=129 (full 0):
 garbage-first heap   total 366592K, used 227973K [0x0000000080000000, 0x0000000100000000)
  region size 1024K, 14 young (14336K), 14 survivors (14336K)
 Metaspace       used 145036K, capacity 148939K, committed 149164K, reserved 1179648K
  class space    used 17885K, capacity 19339K, committed 19456K, reserved 1048576K
}
Event: 613.734 GC heap before
{Heap before GC invocations=129 (full 0):
 garbage-first heap   total 366592K, used 313989K [0x0000000080000000, 0x0000000100000000)
  region size 1024K, 99 young (101376K), 14 survivors (14336K)
 Metaspace       used 145047K, capacity 148940K, committed 149164K, reserved 1179648K
  class space    used 17885K, capacity 19339K, committed 19456K, reserved 1048576K
}

Deoptimization events (20 events):
Event: 612.965 Thread 0x000001984ae04000 DEOPT PACKING pc=0x00000198359f2f60 sp=0x00000072031fa3a0
Event: 612.965 Thread 0x000001984ae04000 DEOPT UNPACKING pc=0x000001982cdf782f sp=0x00000072031fa410 mode 2
Event: 612.982 Thread 0x000001984ae04000 DEOPT PACKING pc=0x0000019830a7ee01 sp=0x00000072031fa600
Event: 612.982 Thread 0x000001984ae04000 DEOPT UNPACKING pc=0x000001982cdf764e sp=0x00000072031fa038 mode 0
Event: 613.015 Thread 0x00000198469d3000 DEOPT PACKING pc=0x0000019830973e57 sp=0x00000072037fa4c0
Event: 613.015 Thread 0x00000198469d3000 DEOPT UNPACKING pc=0x000001982cdf764e sp=0x00000072037f9da8 mode 0
Event: 613.067 Thread 0x00000198469d3000 Uncommon trap: trap_request=0xffffff4d fr.pc=0x0000019834ffdea8 relative=0x0000000000001d48
Event: 613.067 Thread 0x00000198469d3000 Uncommon trap: reason=unstable_if action=reinterpret pc=0x0000019834ffdea8 method=java.util.concurrent.ConcurrentHashMap.computeIfAbsent(Ljava/lang/Object;Ljava/util/function/Function;)Ljava/lang/Object; @ 244 c2
Event: 613.067 Thread 0x00000198469d3000 DEOPT PACKING pc=0x0000019834ffdea8 sp=0x00000072037fa310
Event: 613.067 Thread 0x00000198469d3000 DEOPT UNPACKING pc=0x000001982cdf782f sp=0x00000072037fa2d8 mode 2
Event: 613.508 Thread 0x00000198469d3000 Uncommon trap: trap_request=0xffffff4d fr.pc=0x0000019835a2c4e0 relative=0x00000000000006c0
Event: 613.508 Thread 0x00000198469d3000 Uncommon trap: reason=unstable_if action=reinterpret pc=0x0000019835a2c4e0 method=com.android.tools.r8.internal.Z4.a(I)Lcom/android/tools/r8/internal/Z4; @ 1 c2
Event: 613.508 Thread 0x00000198469d3000 DEOPT PACKING pc=0x0000019835a2c4e0 sp=0x00000072037f9be0
Event: 613.508 Thread 0x00000198469d3000 DEOPT UNPACKING pc=0x000001982cdf782f sp=0x00000072037f9b88 mode 2
Event: 613.588 Thread 0x000001984ae04000 DEOPT PACKING pc=0x000001982ea4c2dc sp=0x00000072031ff250
Event: 613.588 Thread 0x000001984ae04000 DEOPT UNPACKING pc=0x000001982cdf764e sp=0x00000072031fe820 mode 0
Event: 613.634 Thread 0x00000198469d6000 Uncommon trap: trap_request=0xffffff4d fr.pc=0x00000198360b7908 relative=0x00000000000046e8
Event: 613.634 Thread 0x00000198469d6000 Uncommon trap: reason=unstable_if action=reinterpret pc=0x00000198360b7908 method=com.android.tools.r8.graph.B0$c.a()V @ 198 c2
Event: 613.634 Thread 0x00000198469d6000 DEOPT PACKING pc=0x00000198360b7908 sp=0x0000007203df7ca0
Event: 613.634 Thread 0x00000198469d6000 DEOPT UNPACKING pc=0x000001982cdf782f sp=0x0000007203df7c90 mode 2

Classes redefined (0 events):
No events

Internal exceptions (20 events):
Event: 611.714 Thread 0x00000198469d3000 Exception <a 'sun/nio/fs/WindowsException'{0x00000000953d8a70}> (0x00000000953d8a70) thrown at [./src/hotspot/share/prims/jni.cpp, line 615]
Event: 611.905 Thread 0x000001984ae04000 Exception <a 'sun/nio/fs/WindowsException'{0x0000000094a64ae8}> (0x0000000094a64ae8) thrown at [./src/hotspot/share/prims/jni.cpp, line 615]
Event: 611.987 Thread 0x00000198469d3000 Exception <a 'sun/nio/fs/WindowsException'{0x0000000094249d40}> (0x0000000094249d40) thrown at [./src/hotspot/share/prims/jni.cpp, line 615]
Event: 612.069 Thread 0x00000198469d6000 Exception <a 'sun/nio/fs/WindowsException'{0x0000000093f31498}> (0x0000000093f31498) thrown at [./src/hotspot/share/prims/jni.cpp, line 615]
Event: 612.100 Thread 0x00000198469d3000 Exception <a 'sun/nio/fs/WindowsException'{0x0000000093fff5b8}> (0x0000000093fff5b8) thrown at [./src/hotspot/share/prims/jni.cpp, line 615]
Event: 612.131 Thread 0x000001984ae04800 Exception <a 'sun/nio/fs/WindowsException'{0x0000000093bce5c0}> (0x0000000093bce5c0) thrown at [./src/hotspot/share/prims/jni.cpp, line 615]
Event: 612.176 Thread 0x000001984ae04000 Exception <a 'sun/nio/fs/WindowsException'{0x0000000093a5d488}> (0x0000000093a5d488) thrown at [./src/hotspot/share/prims/jni.cpp, line 615]
Event: 612.313 Thread 0x00000198469d3000 Exception <a 'sun/nio/fs/WindowsException'{0x0000000093ea94d8}> (0x0000000093ea94d8) thrown at [./src/hotspot/share/prims/jni.cpp, line 615]
Event: 612.629 Thread 0x00000198469d3000 Exception <a 'sun/nio/fs/WindowsException'{0x0000000092707120}> (0x0000000092707120) thrown at [./src/hotspot/share/prims/jni.cpp, line 615]
Event: 612.783 Thread 0x00000198469d3000 Exception <a 'sun/nio/fs/WindowsException'{0x000000009276ef70}> (0x000000009276ef70) thrown at [./src/hotspot/share/prims/jni.cpp, line 615]
Event: 612.798 Thread 0x00000198469d3000 Exception <a 'sun/nio/fs/WindowsException'{0x0000000091be6588}> (0x0000000091be6588) thrown at [./src/hotspot/share/prims/jni.cpp, line 615]
Event: 613.002 Thread 0x00000198469d3000 Exception <a 'sun/nio/fs/WindowsException'{0x00000000904da7b0}> (0x00000000904da7b0) thrown at [./src/hotspot/share/prims/jni.cpp, line 615]
Event: 613.062 Thread 0x000001984ae04000 Exception <a 'sun/nio/fs/WindowsException'{0x00000000965f0ad0}> (0x00000000965f0ad0) thrown at [./src/hotspot/share/prims/jni.cpp, line 615]
Event: 613.171 Thread 0x000001984ae04000 Exception <a 'sun/nio/fs/WindowsException'{0x000000009503b320}> (0x000000009503b320) thrown at [./src/hotspot/share/prims/jni.cpp, line 615]
Event: 613.184 Thread 0x000001984ae04000 Exception <a 'sun/nio/fs/WindowsException'{0x0000000094f72918}> (0x0000000094f72918) thrown at [./src/hotspot/share/prims/jni.cpp, line 615]
Event: 613.477 Thread 0x000001984ae04800 Exception <a 'sun/nio/fs/WindowsException'{0x00000000931b80d0}> (0x00000000931b80d0) thrown at [./src/hotspot/share/prims/jni.cpp, line 615]
Event: 613.568 Thread 0x000001984ae04000 Exception <a 'sun/nio/fs/WindowsException'{0x0000000093b9fb28}> (0x0000000093b9fb28) thrown at [./src/hotspot/share/prims/jni.cpp, line 615]
Event: 613.572 Thread 0x000001984ae04000 Exception <a 'sun/nio/fs/WindowsException'{0x0000000092925960}> (0x0000000092925960) thrown at [./src/hotspot/share/prims/jni.cpp, line 615]
Event: 613.592 Thread 0x00000198469d6000 Exception <a 'sun/nio/fs/WindowsException'{0x00000000927a2120}> (0x00000000927a2120) thrown at [./src/hotspot/share/prims/jni.cpp, line 615]
Event: 613.605 Thread 0x00000198469cb000 Exception <a 'sun/nio/fs/WindowsException'{0x000000009250c4d0}> (0x000000009250c4d0) thrown at [./src/hotspot/share/prims/jni.cpp, line 615]

Events (20 events):
Event: 603.416 Thread 0x0000019842f0e000 flushing nmethod 0x00000198305a6390
Event: 603.416 Thread 0x0000019842f0e000 flushing nmethod 0x000001983060fa90
Event: 603.417 Thread 0x0000019842f0e000 flushing nmethod 0x0000019830774f10
Event: 603.417 Thread 0x0000019842f0e000 flushing nmethod 0x00000198307b3590
Event: 603.418 Thread 0x0000019842f0e000 flushing nmethod 0x00000198307ed710
Event: 603.418 Thread 0x0000019842f0e000 flushing nmethod 0x0000019830856510
Event: 603.419 Thread 0x0000019842f0e000 flushing nmethod 0x0000019830938f90
Event: 603.419 Thread 0x0000019842f0e000 flushing nmethod 0x0000019830958590
Event: 603.419 Thread 0x0000019842f0e000 flushing nmethod 0x0000019830977110
Event: 603.420 Thread 0x0000019842f0e000 flushing nmethod 0x0000019830a93b10
Event: 603.420 Thread 0x0000019842f0e000 flushing nmethod 0x0000019830ab3890
Event: 607.321 Executing VM operation: G1CollectForAllocation
Event: 607.337 Executing VM operation: G1CollectForAllocation done
Event: 610.343 loading class com/android/tools/r8/graph/f0$a
Event: 610.343 loading class com/android/tools/r8/graph/f0$a done
Event: 611.563 Executing VM operation: G1CollectForAllocation
Event: 611.604 Executing VM operation: G1CollectForAllocation done
Event: 613.027 Executing VM operation: G1CollectForAllocation
Event: 613.053 Executing VM operation: G1CollectForAllocation done
Event: 613.696 Executing VM operation: G1CollectForAllocation


Dynamic libraries:
0x00007ff673680000 - 0x00007ff67368a000 	D:\android\jre\bin\java.exe
0x00007fffe2b10000 - 0x00007fffe2d05000 	C:\WINDOWS\SYSTEM32\ntdll.dll
0x00007fffe22d0000 - 0x00007fffe238e000 	C:\WINDOWS\System32\KERNEL32.DLL
0x00007fffe02c0000 - 0x00007fffe0588000 	C:\WINDOWS\System32\KERNELBASE.dll
0x00007fffddad0000 - 0x00007fffddb60000 	C:\WINDOWS\SYSTEM32\apphelp.dll
0x00007fffe06a0000 - 0x00007fffe07a0000 	C:\WINDOWS\System32\ucrtbase.dll
0x00007fffdbd70000 - 0x00007fffdbd89000 	D:\android\jre\bin\jli.dll
0x00007fffc66f0000 - 0x00007fffc6707000 	D:\android\jre\bin\VCRUNTIME140.dll
0x00007fffe1510000 - 0x00007fffe16b1000 	C:\WINDOWS\System32\USER32.dll
0x00007fffe07d0000 - 0x00007fffe07f2000 	C:\WINDOWS\System32\win32u.dll
0x00007fffc9300000 - 0x00007fffc959a000 	C:\WINDOWS\WinSxS\amd64_microsoft.windows.common-controls_6595b64144ccf1df_6.0.19041.1110_none_60b5254171f9507e\COMCTL32.dll
0x00007fffe1fd0000 - 0x00007fffe1ffb000 	C:\WINDOWS\System32\GDI32.dll
0x00007fffe1840000 - 0x00007fffe18de000 	C:\WINDOWS\System32\msvcrt.dll
0x00007fffe0590000 - 0x00007fffe069b000 	C:\WINDOWS\System32\gdi32full.dll
0x00007fffe08b0000 - 0x00007fffe094d000 	C:\WINDOWS\System32\msvcp_win.dll
0x00007fffe2000000 - 0x00007fffe2030000 	C:\WINDOWS\System32\IMM32.DLL
0x00007fffbe6c0000 - 0x00007fffbe75d000 	D:\android\jre\bin\msvcp140.dll
0x00007fff8e6c0000 - 0x00007fff8f18f000 	D:\android\jre\bin\server\jvm.dll
0x00007fffe0b60000 - 0x00007fffe0c0c000 	C:\WINDOWS\System32\ADVAPI32.dll
0x00007fffe0fd0000 - 0x00007fffe106b000 	C:\WINDOWS\System32\sechost.dll
0x00007fffe0d90000 - 0x00007fffe0eba000 	C:\WINDOWS\System32\RPCRT4.dll
0x00007fffe1180000 - 0x00007fffe1188000 	C:\WINDOWS\System32\PSAPI.DLL
0x00007fffdd9e0000 - 0x00007fffdd9e9000 	C:\WINDOWS\SYSTEM32\WSOCK32.dll
0x00007fffd82c0000 - 0x00007fffd82e7000 	C:\WINDOWS\SYSTEM32\WINMM.dll
0x00007fffda890000 - 0x00007fffda89a000 	C:\WINDOWS\SYSTEM32\VERSION.dll
0x00007fffe2030000 - 0x00007fffe209b000 	C:\WINDOWS\System32\WS2_32.dll
0x00007fffde150000 - 0x00007fffde162000 	C:\WINDOWS\SYSTEM32\kernel.appcore.dll
0x00007fffdbf30000 - 0x00007fffdbf41000 	D:\android\jre\bin\verify.dll
0x00007fffd1c90000 - 0x00007fffd1e74000 	C:\WINDOWS\SYSTEM32\DBGHELP.DLL
0x00007fffd1c60000 - 0x00007fffd1c8c000 	C:\WINDOWS\SYSTEM32\dbgcore.DLL
0x00007fffe0230000 - 0x00007fffe02b3000 	C:\WINDOWS\System32\bcryptPrimitives.dll
0x00007fffc2440000 - 0x00007fffc2469000 	D:\android\jre\bin\java.dll
0x00007fffdb990000 - 0x00007fffdb99b000 	D:\android\jre\bin\jimage.dll
0x00007fffcd970000 - 0x00007fffcd988000 	D:\android\jre\bin\zip.dll
0x00007fffe2390000 - 0x00007fffe2acf000 	C:\WINDOWS\System32\SHELL32.dll
0x00007fffde350000 - 0x00007fffdeae0000 	C:\WINDOWS\SYSTEM32\windows.storage.dll
0x00007fffe11a0000 - 0x00007fffe14f5000 	C:\WINDOWS\System32\combase.dll
0x00007fffdfc80000 - 0x00007fffdfcae000 	C:\WINDOWS\SYSTEM32\Wldp.dll
0x00007fffe0f20000 - 0x00007fffe0fcd000 	C:\WINDOWS\System32\SHCORE.dll
0x00007fffe1f70000 - 0x00007fffe1fc5000 	C:\WINDOWS\System32\shlwapi.dll
0x00007fffe0170000 - 0x00007fffe018f000 	C:\WINDOWS\SYSTEM32\profapi.dll
0x00007fffc24d0000 - 0x00007fffc24ea000 	D:\android\jre\bin\net.dll
0x00007fffd56e0000 - 0x00007fffd57ec000 	C:\WINDOWS\SYSTEM32\WINHTTP.dll
0x00007fffdf9e0000 - 0x00007fffdfa4a000 	C:\WINDOWS\system32\mswsock.dll
0x00007fffc2240000 - 0x00007fffc2254000 	D:\android\jre\bin\nio.dll
0x00007fffc6670000 - 0x00007fffc6697000 	C:\Users\solom\.gradle\native\8bec1ad78214c89d9ad589b4d07fe93259594b29d510b10fafb7a158f7737e5d\windows-amd64\native-platform.dll
0x00007fff90570000 - 0x00007fff906ad000 	C:\Users\solom\.gradle\native\53dbd7edfb1c66fb8903c78663c9afc45aea4f116125fa6feffd364cf09443e8\windows-amd64\native-platform-file-events.dll
0x00007fffcd9a0000 - 0x00007fffcd9aa000 	D:\android\jre\bin\management.dll
0x00007fffc39b0000 - 0x00007fffc39bc000 	D:\android\jre\bin\management_ext.dll
0x00007fffdfbe0000 - 0x00007fffdfbf8000 	C:\WINDOWS\SYSTEM32\CRYPTSP.dll
0x00007fffdf2f0000 - 0x00007fffdf324000 	C:\WINDOWS\system32\rsaenh.dll
0x00007fffe07a0000 - 0x00007fffe07c7000 	C:\WINDOWS\System32\bcrypt.dll
0x00007fffe0130000 - 0x00007fffe015e000 	C:\WINDOWS\SYSTEM32\USERENV.dll
0x00007fffdfbd0000 - 0x00007fffdfbdc000 	C:\WINDOWS\SYSTEM32\CRYPTBASE.dll
0x00007fffdf680000 - 0x00007fffdf6bb000 	C:\WINDOWS\SYSTEM32\IPHLPAPI.DLL
0x00007fffe1190000 - 0x00007fffe1198000 	C:\WINDOWS\System32\NSI.dll
0x00007fffda450000 - 0x00007fffda467000 	C:\WINDOWS\SYSTEM32\dhcpcsvc6.DLL
0x00007fffda430000 - 0x00007fffda44d000 	C:\WINDOWS\SYSTEM32\dhcpcsvc.DLL
0x00007fffdf6d0000 - 0x00007fffdf79b000 	C:\WINDOWS\SYSTEM32\DNSAPI.dll
0x00007fffc2000000 - 0x00007fffc2027000 	D:\android\jre\bin\sunec.dll
0x00007fffd97a0000 - 0x00007fffd97aa000 	C:\Windows\System32\rasadhlp.dll
0x00007fffd7e90000 - 0x00007fffd7f0f000 	C:\WINDOWS\System32\fwpuclnt.dll
0x00007fffdef20000 - 0x00007fffdef53000 	C:\WINDOWS\SYSTEM32\ntmarta.dll

dbghelp: loaded successfully - version: 4.0.5 - missing functions: none
symbol engine: initialized successfully - sym options: 0x614 - pdb path: .;D:\android\jre\bin;C:\WINDOWS\SYSTEM32;C:\WINDOWS\WinSxS\amd64_microsoft.windows.common-controls_6595b64144ccf1df_6.0.19041.1110_none_60b5254171f9507e;D:\android\jre\bin\server;C:\Users\solom\.gradle\native\8bec1ad78214c89d9ad589b4d07fe93259594b29d510b10fafb7a158f7737e5d\windows-amd64;C:\Users\solom\.gradle\native\53dbd7edfb1c66fb8903c78663c9afc45aea4f116125fa6feffd364cf09443e8\windows-amd64

VM Arguments:
jvm_args: --add-opens=java.base/java.util=ALL-UNNAMED --add-opens=java.base/java.lang=ALL-UNNAMED --add-opens=java.base/java.lang.invoke=ALL-UNNAMED --add-opens=java.base/java.util=ALL-UNNAMED --add-opens=java.prefs/java.util.prefs=ALL-UNNAMED --add-opens=java.prefs/java.util.prefs=ALL-UNNAMED --add-opens=java.base/java.nio.charset=ALL-UNNAMED --add-opens=java.base/java.net=ALL-UNNAMED --add-opens=java.base/java.util.concurrent.atomic=ALL-UNNAMED -Xmx2048m -Dfile.encoding=UTF-8 -Duser.country=GB -Duser.language=en -Duser.variant 
java_command: org.gradle.launcher.daemon.bootstrap.GradleDaemon 7.0.2
java_class_path (initial): C:\Users\solom\.gradle\wrapper\dists\gradle-7.0.2-bin\857tjihv64xamwrf0h14cai3r\gradle-7.0.2\lib\gradle-launcher-7.0.2.jar
Launcher Type: SUN_STANDARD

[Global flags]
     intx CICompilerCount                          = 3                                         {product} {ergonomic}
     uint ConcGCThreads                            = 1                                         {product} {ergonomic}
     uint G1ConcRefinementThreads                  = 4                                         {product} {ergonomic}
   size_t G1HeapRegionSize                         = 1048576                                   {product} {ergonomic}
    uintx GCDrainStackTargetSize                   = 64                                        {product} {ergonomic}
   size_t InitialHeapSize                          = 132120576                                 {product} {ergonomic}
   size_t MarkStackSize                            = 4194304                                   {product} {ergonomic}
   size_t MaxHeapSize                              = 2147483648                                {product} {command line}
   size_t MaxNewSize                               = 1287651328                                {product} {ergonomic}
   size_t MinHeapDeltaBytes                        = 1048576                                   {product} {ergonomic}
    uintx NonNMethodCodeHeapSize                   = 5830732                                {pd product} {ergonomic}
    uintx NonProfiledCodeHeapSize                  = 122913754                              {pd product} {ergonomic}
    uintx ProfiledCodeHeapSize                     = 122913754                              {pd product} {ergonomic}
    uintx ReservedCodeCacheSize                    = 251658240                              {pd product} {ergonomic}
     bool SegmentedCodeCache                       = true                                      {product} {ergonomic}
     bool UseCompressedClassPointers               = true                                 {lp64_product} {ergonomic}
     bool UseCompressedOops                        = true                                 {lp64_product} {ergonomic}
     bool UseG1GC                                  = true                                      {product} {ergonomic}
     bool UseLargePagesIndividualAllocation        = false                                  {pd product} {ergonomic}

Logging:
Log output configuration:
 #0: stdout all=warning uptime,level,tags
 #1: stderr all=off uptime,level,tags

Environment Variables:
PATH=C:\WINDOWS\system32;C:\WINDOWS;C:\WINDOWS\System32\Wbem;C:\WINDOWS\System32\WindowsPowerShell\v1.0\;C:\WINDOWS\System32\OpenSSH\;D:\Git\cmd;C:\Program Files\NVIDIA Corporation\NVIDIA NvDLISR;C:\Program Files (x86)\NVIDIA Corporation\PhysX\Common;C:\Users\solom\AppData\Local\Microsoft\WindowsApps;
USERNAME=solom
OS=Windows_NT
PROCESSOR_IDENTIFIER=Intel64 Family 6 Model 58 Stepping 9, GenuineIntel



---------------  S Y S T E M  ---------------

OS: Windows 10 , 64 bit Build 19041 (10.0.19041.1348)
OS uptime: 0 days 8:13 hours

CPU:total 4 (initial active 4) (4 cores per cpu, 1 threads per core) family 6 model 58 stepping 9 microcode 0x21, cmov, cx8, fxsr, mmx, sse, sse2, sse3, ssse3, sse4.1, sse4.2, popcnt, avx, aes, clmul, erms, tsc, tscinvbit, tscinv

Memory: 4k page, system-wide physical 8056M (475M free)
TotalPageFile size 14981M (AvailPageFile size 3352M)
current process WorkingSet (physical memory assigned to process): 637M, peak: 641M
current process commit charge ("private bytes"): 851M, peak: 886M

vm_info: OpenJDK 64-Bit Server VM (11.0.10+0-b96-7249189) for windows-amd64 JRE (11.0.10+0-b96-7249189), built on Mar 31 2021 21:44:00 by "builder" with MS VC++ 14.0 (VS2015)

END.
